Log file open, 09/22/18 23:58:37
LogWindows: Failed to load 'aqProf.dll' (GetLastError=126)
LogWindows: File 'aqProf.dll' does not exist
LogWindows: Failed to load 'VtuneApi.dll' (GetLastError=126)
LogWindows: File 'VtuneApi.dll' does not exist
LogWindows: Failed to load 'VtuneApi32e.dll' (GetLastError=126)
LogWindows: File 'VtuneApi32e.dll' does not exist
LogInit: Display: Running engine for game: AIProject
LogPlatformFile: Not using cached read wrapper
LogInit: Display: RandInit(-2131046661) SRandInit(-2131046661).
LogInit: Read version file with build ID '3944462'
LogInit: Overriding engine version to CL 4033788, compatible CL 3944462
LogInit: Registered custom module enumerator with build ID '3944462'
LogTaskGraph: Started task graph with 5 named threads and 23 total threads with 3 sets of task threads.
LogStats: Stats thread started at 0.294757
LogD3D11RHI: Aftermath initialized
LogICUInternationalization: Display: ICU TimeZone Detection - Raw Offset: -5:00, Platform Override: ''
LogPluginManager: Mounting plugin Paper2D
LogPluginManager: Mounting plugin LiveLink
LogPluginManager: Mounting plugin LightPropagationVolume
LogPluginManager: Mounting plugin CLionSourceCodeAccess
LogPluginManager: Mounting plugin CodeLiteSourceCodeAccess
LogPluginManager: Mounting plugin GitSourceControl
LogPluginManager: Mounting plugin KDevelopSourceCodeAccess
LogPluginManager: Mounting plugin NullSourceCodeAccess
LogPluginManager: Mounting plugin PerforceSourceControl
LogPluginManager: Mounting plugin SubversionSourceControl
LogPluginManager: Mounting plugin UObjectPlugin
LogPluginManager: Mounting plugin VisualStudioCodeSourceCodeAccess
LogPluginManager: Mounting plugin VisualStudioSourceCodeAccess
LogPluginManager: Mounting plugin XCodeSourceCodeAccess
LogPluginManager: Mounting plugin AssetManagerEditor
LogPluginManager: Mounting plugin CryptoKeys
LogPluginManager: Mounting plugin DataValidation
LogPluginManager: Mounting plugin FacialAnimation
LogPluginManager: Mounting plugin GameplayTagsEditor
LogPluginManager: Mounting plugin MobileLauncherProfileWizard
LogPluginManager: Mounting plugin PluginBrowser
LogPluginManager: Mounting plugin SpeedTreeImporter
LogPluginManager: Mounting plugin DatasmithContent
LogPluginManager: Mounting plugin AlembicImporter
LogPluginManager: Mounting plugin CharacterAI
LogPluginManager: Mounting plugin HTML5Networking
LogPluginManager: Mounting plugin AndroidMedia
LogPluginManager: Mounting plugin AvfMedia
LogPluginManager: Mounting plugin ImgMedia
LogPluginManager: Mounting plugin LinearTimecode
LogPluginManager: Mounting plugin MediaCompositing
LogPluginManager: Mounting plugin MediaPlayerEditor
LogPluginManager: Mounting plugin WmfMedia
LogPluginManager: Mounting plugin TcpMessaging
LogPluginManager: Mounting plugin UdpMessaging
LogPluginManager: Mounting plugin ActorSequence
LogPluginManager: Mounting plugin LevelSequenceEditor
LogPluginManager: Mounting plugin MatineeToLevelSequence
LogPluginManager: Mounting plugin NetcodeUnitTest
LogPluginManager: Mounting plugin NUTUnrealEngine4
LogPluginManager: Mounting plugin OnlineSubsystemGooglePlay
LogPluginManager: Mounting plugin OnlineSubsystemIOS
LogPluginManager: Mounting plugin OnlineSubsystem
LogPluginManager: Mounting plugin OnlineSubsystemNull
LogPluginManager: Mounting plugin OnlineSubsystemUtils
LogPluginManager: Mounting plugin AndroidDeviceProfileSelector
LogPluginManager: Mounting plugin AndroidMoviePlayer
LogPluginManager: Mounting plugin AndroidPermission
LogPluginManager: Mounting plugin AppleARKit
LogPluginManager: Mounting plugin AppleMoviePlayer
LogPluginManager: Mounting plugin ArchVisCharacter
LogPluginManager: Mounting plugin AudioCapture
LogPluginManager: Mounting plugin CableComponent
LogPluginManager: Mounting plugin CustomMeshComponent
LogPluginManager: Mounting plugin ExampleDeviceProfileSelector
LogPluginManager: Mounting plugin GoogleCloudMessaging
LogPluginManager: Mounting plugin ImmediatePhysics
LogPluginManager: Mounting plugin IOSDeviceProfileSelector
LogPluginManager: Mounting plugin LinuxDeviceProfileSelector
LogPluginManager: Mounting plugin LocationServicesBPLibrary
LogPluginManager: Mounting plugin MobilePatchingUtils
LogPluginManager: Mounting plugin OculusVR
LogPluginManager: Plugin shader directory ../../../Engine/Plugins/Runtime/Oculus/OculusVR/Shaders found
LogPluginManager: Mapping shader source directory ../../../Engine/Plugins/Runtime/Oculus/OculusVR/Shaders to virtual directory /Plugin/OculusVR
LogPluginManager: Mounting plugin PhysXVehicles
LogPluginManager: Mounting plugin ProceduralMeshComponent
LogPluginManager: Mounting plugin RuntimePhysXCooking
LogPluginManager: Mounting plugin SteamVR
LogPluginManager: Mounting plugin WindowsMoviePlayer
LogStreaming: Display: Took  0.143s to configure plugins.
LogModuleManager: Warning: Module file ../../../../../Documents/Unreal Projects/AI_Team_Proj/Grad_AI/AIProject 4.19 - 2/Binaries/Win64/UE4Editor-AIProject-3323.dll is missing. This is likely a stale module that must be recompiled.
LogModuleManager: Display: Found up-to-date module file ../../../Engine/Plugins/2D/Paper2D/Binaries/Win64/UE4Editor-Paper2D.dll (API version 3944462).
LogModuleManager: Display: Found up-to-date module file ../../../Engine/Plugins/2D/Paper2D/Binaries/Win64/UE4Editor-Paper2DEditor.dll (API version 3944462).
LogModuleManager: Display: Found up-to-date module file ../../../Engine/Plugins/2D/Paper2D/Binaries/Win64/UE4Editor-PaperSpriteSheetImporter.dll (API version 3944462).
LogModuleManager: Display: Found up-to-date module file ../../../Engine/Plugins/2D/Paper2D/Binaries/Win64/UE4Editor-PaperTiledImporter.dll (API version 3944462).
LogModuleManager: Display: Found up-to-date module file ../../../Engine/Plugins/2D/Paper2D/Binaries/Win64/UE4Editor-SmartSnapping.dll (API version 3944462).
LogModuleManager: Display: Found up-to-date module file ../../../Engine/Plugins/Animation/LiveLink/Binaries/Win64/UE4Editor-LiveLink.dll (API version 3944462).
LogModuleManager: Display: Found up-to-date module file ../../../Engine/Plugins/Animation/LiveLink/Binaries/Win64/UE4Editor-LiveLinkEditor.dll (API version 3944462).
LogModuleManager: Display: Found up-to-date module file ../../../Engine/Plugins/Blendables/LightPropagationVolume/Binaries/Win64/UE4Editor-LightPropagationVolumeRuntime.dll (API version 3944462).
LogModuleManager: Display: Found up-to-date module file ../../../Engine/Plugins/Blendables/LightPropagationVolume/Binaries/Win64/UE4Editor-LightPropagationVolumeEditor.dll (API version 3944462).
LogModuleManager: Display: Found up-to-date module file ../../../Engine/Plugins/Developer/CLionSourceCodeAccess/Binaries/Win64/UE4Editor-CLionSourceCodeAccess.dll (API version 3944462).
LogModuleManager: Display: Found up-to-date module file ../../../Engine/Plugins/Developer/GitSourceControl/Binaries/Win64/UE4Editor-GitSourceControl.dll (API version 3944462).
LogModuleManager: Display: Found up-to-date module file ../../../Engine/Plugins/Developer/PerforceSourceControl/Binaries/Win64/UE4Editor-PerforceSourceControl.dll (API version 3944462).
LogModuleManager: Display: Found up-to-date module file ../../../Engine/Plugins/Developer/SubversionSourceControl/Binaries/Win64/UE4Editor-SubversionSourceControl.dll (API version 3944462).
LogModuleManager: Display: Found up-to-date module file ../../../Engine/Plugins/Developer/UObjectPlugin/Binaries/Win64/UE4Editor-UObjectPlugin.dll (API version 3944462).
LogModuleManager: Display: Found up-to-date module file ../../../Engine/Plugins/Developer/VisualStudioCodeSourceCodeAccess/Binaries/Win64/UE4Editor-VisualStudioCodeSourceCodeAccess.dll (API version 3944462).
LogModuleManager: Display: Found up-to-date module file ../../../Engine/Plugins/Developer/VisualStudioSourceCodeAccess/Binaries/Win64/UE4Editor-VisualStudioSourceCodeAccess.dll (API version 3944462).
LogModuleManager: Display: Found up-to-date module file ../../../Engine/Plugins/Editor/AssetManagerEditor/Binaries/Win64/UE4Editor-AssetManagerEditor.dll (API version 3944462).
LogModuleManager: Display: Found up-to-date module file ../../../Engine/Plugins/Editor/CryptoKeys/Binaries/Win64/UE4Editor-CryptoKeys.dll (API version 3944462).
LogModuleManager: Display: Found up-to-date module file ../../../Engine/Plugins/Editor/CryptoKeys/Binaries/Win64/UE4Editor-CryptoKeysOpenSSL.dll (API version 3944462).
LogModuleManager: Display: Found up-to-date module file ../../../Engine/Plugins/Editor/DataValidation/Binaries/Win64/UE4Editor-DataValidation.dll (API version 3944462).
LogModuleManager: Display: Found up-to-date module file ../../../Engine/Plugins/Editor/FacialAnimation/Binaries/Win64/UE4Editor-FacialAnimation.dll (API version 3944462).
LogModuleManager: Display: Found up-to-date module file ../../../Engine/Plugins/Editor/FacialAnimation/Binaries/Win64/UE4Editor-FacialAnimationEditor.dll (API version 3944462).
LogModuleManager: Display: Found up-to-date module file ../../../Engine/Plugins/Editor/GameplayTagsEditor/Binaries/Win64/UE4Editor-GameplayTagsEditor.dll (API version 3944462).
LogModuleManager: Display: Found up-to-date module file ../../../Engine/Plugins/Editor/MobileLauncherProfileWizard/Binaries/Win64/UE4Editor-MobileLauncherProfileWizard.dll (API version 3944462).
LogModuleManager: Display: Found up-to-date module file ../../../Engine/Plugins/Editor/PluginBrowser/Binaries/Win64/UE4Editor-PluginBrowser.dll (API version 3944462).
LogModuleManager: Display: Found up-to-date module file ../../../Engine/Plugins/Editor/SpeedTreeImporter/Binaries/Win64/UE4Editor-SpeedTreeImporter.dll (API version 3944462).
LogModuleManager: Display: Found up-to-date module file ../../../Engine/Plugins/Enterprise/DatasmithContent/Binaries/Win64/UE4Editor-DatasmithContent.dll (API version 3944462).
LogModuleManager: Display: Found up-to-date module file ../../../Engine/Plugins/Experimental/AlembicImporter/Binaries/Win64/UE4Editor-AlembicImporter.dll (API version 3944462).
LogModuleManager: Display: Found up-to-date module file ../../../Engine/Plugins/Experimental/AlembicImporter/Binaries/Win64/UE4Editor-AlembicLibrary.dll (API version 3944462).
LogModuleManager: Display: Found up-to-date module file ../../../Engine/Plugins/Experimental/CharacterAI/Binaries/Win64/UE4Editor-CharacterAI.dll (API version 3944462).
LogModuleManager: Display: Found up-to-date module file ../../../Engine/Plugins/Experimental/HTML5Networking/Binaries/Win64/UE4Editor-HTML5Networking.dll (API version 3944462).
LogModuleManager: Display: Found up-to-date module file ../../../Engine/Plugins/Media/AndroidMedia/Binaries/Win64/UE4Editor-AndroidMediaEditor.dll (API version 3944462).
LogModuleManager: Display: Found up-to-date module file ../../../Engine/Plugins/Media/AndroidMedia/Binaries/Win64/UE4Editor-AndroidMediaFactory.dll (API version 3944462).
LogModuleManager: Display: Found up-to-date module file ../../../Engine/Plugins/Media/AvfMedia/Binaries/Win64/UE4Editor-AvfMediaEditor.dll (API version 3944462).
LogModuleManager: Display: Found up-to-date module file ../../../Engine/Plugins/Media/AvfMedia/Binaries/Win64/UE4Editor-AvfMediaFactory.dll (API version 3944462).
LogModuleManager: Display: Found up-to-date module file ../../../Engine/Plugins/Media/AvfMedia/Binaries/Win64/UE4Editor-AvfMediaFactory.dll (API version 3944462).
LogModuleManager: Display: Found up-to-date module file ../../../Engine/Plugins/Media/ImgMedia/Binaries/Win64/UE4Editor-ImgMedia.dll (API version 3944462).
LogModuleManager: Display: Found up-to-date module file ../../../Engine/Plugins/Media/ImgMedia/Binaries/Win64/UE4Editor-ImgMediaEditor.dll (API version 3944462).
LogModuleManager: Display: Found up-to-date module file ../../../Engine/Plugins/Media/ImgMedia/Binaries/Win64/UE4Editor-ImgMediaFactory.dll (API version 3944462).
LogModuleManager: Display: Found up-to-date module file ../../../Engine/Plugins/Media/ImgMedia/Binaries/Win64/UE4Editor-ImgMediaFactory.dll (API version 3944462).
LogModuleManager: Display: Found up-to-date module file ../../../Engine/Plugins/Media/ImgMedia/Binaries/Win64/UE4Editor-OpenExrWrapper.dll (API version 3944462).
LogModuleManager: Display: Found up-to-date module file ../../../Engine/Plugins/Media/LinearTimecode/Binaries/Win64/UE4Editor-LinearTimecode.dll (API version 3944462).
LogModuleManager: Display: Found up-to-date module file ../../../Engine/Plugins/Media/MediaCompositing/Binaries/Win64/UE4Editor-MediaCompositing.dll (API version 3944462).
LogModuleManager: Display: Found up-to-date module file ../../../Engine/Plugins/Media/MediaCompositing/Binaries/Win64/UE4Editor-MediaCompositingEditor.dll (API version 3944462).
LogModuleManager: Display: Found up-to-date module file ../../../Engine/Plugins/Media/MediaPlayerEditor/Binaries/Win64/UE4Editor-MediaPlayerEditor.dll (API version 3944462).
LogModuleManager: Display: Found up-to-date module file ../../../Engine/Plugins/Media/WmfMedia/Binaries/Win64/UE4Editor-WmfMedia.dll (API version 3944462).
LogModuleManager: Display: Found up-to-date module file ../../../Engine/Plugins/Media/WmfMedia/Binaries/Win64/UE4Editor-WmfMediaEditor.dll (API version 3944462).
LogModuleManager: Display: Found up-to-date module file ../../../Engine/Plugins/Media/WmfMedia/Binaries/Win64/UE4Editor-WmfMediaFactory.dll (API version 3944462).
LogModuleManager: Display: Found up-to-date module file ../../../Engine/Plugins/Media/WmfMedia/Binaries/Win64/UE4Editor-WmfMediaFactory.dll (API version 3944462).
LogModuleManager: Display: Found up-to-date module file ../../../Engine/Plugins/Messaging/TcpMessaging/Binaries/Win64/UE4Editor-TcpMessaging.dll (API version 3944462).
LogModuleManager: Display: Found up-to-date module file ../../../Engine/Plugins/Messaging/UdpMessaging/Binaries/Win64/UE4Editor-UdpMessaging.dll (API version 3944462).
LogModuleManager: Display: Found up-to-date module file ../../../Engine/Plugins/MovieScene/ActorSequence/Binaries/Win64/UE4Editor-ActorSequence.dll (API version 3944462).
LogModuleManager: Display: Found up-to-date module file ../../../Engine/Plugins/MovieScene/LevelSequenceEditor/Binaries/Win64/UE4Editor-LevelSequenceEditor.dll (API version 3944462).
LogModuleManager: Display: Found up-to-date module file ../../../Engine/Plugins/MovieScene/MatineeToLevelSequence/Binaries/Win64/UE4Editor-MatineeToLevelSequence.dll (API version 3944462).
LogModuleManager: Display: Found up-to-date module file ../../../Engine/Plugins/NetcodeUnitTest/NetcodeUnitTest/Binaries/Win64/UE4Editor-NetcodeUnitTest.dll (API version 3944462).
LogModuleManager: Display: Found up-to-date module file ../../../Engine/Plugins/NetcodeUnitTest/NUTUnrealEngine4/Binaries/Win64/UE4Editor-NUTUnrealEngine4.dll (API version 3944462).
LogModuleManager: Display: Found up-to-date module file ../../../Engine/Plugins/Online/OnlineSubsystem/Binaries/Win64/UE4Editor-OnlineSubsystem.dll (API version 3944462).
LogModuleManager: Display: Found up-to-date module file ../../../Engine/Plugins/Online/OnlineSubsystemNull/Binaries/Win64/UE4Editor-OnlineSubsystemNull.dll (API version 3944462).
LogModuleManager: Display: Found up-to-date module file ../../../Engine/Plugins/Online/OnlineSubsystemUtils/Binaries/Win64/UE4Editor-OnlineSubsystemUtils.dll (API version 3944462).
LogModuleManager: Display: Found up-to-date module file ../../../Engine/Plugins/Online/OnlineSubsystemUtils/Binaries/Win64/UE4Editor-OnlineBlueprintSupport.dll (API version 3944462).
LogModuleManager: Display: Found up-to-date module file ../../../Engine/Plugins/Runtime/AndroidDeviceProfileSelector/Binaries/Win64/UE4Editor-AndroidDeviceProfileSelector.dll (API version 3944462).
LogModuleManager: Display: Found up-to-date module file ../../../Engine/Plugins/Runtime/AndroidPermission/Binaries/Win64/UE4Editor-AndroidPermission.dll (API version 3944462).
LogModuleManager: Display: Found up-to-date module file ../../../Engine/Plugins/Runtime/AppleARKit/Binaries/Win64/UE4Editor-AppleARKit.dll (API version 3944462).
LogModuleManager: Display: Found up-to-date module file ../../../Engine/Plugins/Runtime/ArchVisCharacter/Binaries/Win64/UE4Editor-ArchVisCharacter.dll (API version 3944462).
LogModuleManager: Display: Found up-to-date module file ../../../Engine/Plugins/Runtime/AudioCapture/Binaries/Win64/UE4Editor-AudioCapture.dll (API version 3944462).
LogModuleManager: Display: Found up-to-date module file ../../../Engine/Plugins/Runtime/AudioCapture/Binaries/Win64/UE4Editor-AudioCaptureEditor.dll (API version 3944462).
LogModuleManager: Display: Found up-to-date module file ../../../Engine/Plugins/Runtime/CableComponent/Binaries/Win64/UE4Editor-CableComponent.dll (API version 3944462).
LogModuleManager: Display: Found up-to-date module file ../../../Engine/Plugins/Runtime/CustomMeshComponent/Binaries/Win64/UE4Editor-CustomMeshComponent.dll (API version 3944462).
LogModuleManager: Display: Found up-to-date module file ../../../Engine/Plugins/Runtime/ExampleDeviceProfileSelector/Binaries/Win64/UE4Editor-ExampleDeviceProfileSelector.dll (API version 3944462).
LogModuleManager: Display: Found up-to-date module file ../../../Engine/Plugins/Runtime/ImmediatePhysics/Binaries/Win64/UE4Editor-ImmediatePhysics.dll (API version 3944462).
LogModuleManager: Display: Found up-to-date module file ../../../Engine/Plugins/Runtime/ImmediatePhysics/Binaries/Win64/UE4Editor-ImmediatePhysicsEditor.dll (API version 3944462).
LogModuleManager: Display: Found up-to-date module file ../../../Engine/Plugins/Runtime/LocationServicesBPLibrary/Binaries/Win64/UE4Editor-LocationServicesBPLibrary.dll (API version 3944462).
LogModuleManager: Display: Found up-to-date module file ../../../Engine/Plugins/Runtime/MobilePatchingUtils/Binaries/Win64/UE4Editor-MobilePatchingUtils.dll (API version 3944462).
LogModuleManager: Display: Found up-to-date module file ../../../Engine/Plugins/Runtime/Oculus/OculusVR/Binaries/Win64/UE4Editor-OculusHMD.dll (API version 3944462).
LogModuleManager: Display: Found up-to-date module file ../../../Engine/Plugins/Runtime/Oculus/OculusVR/Binaries/Win64/UE4Editor-OculusInput.dll (API version 3944462).
LogModuleManager: Display: Found up-to-date module file ../../../Engine/Plugins/Runtime/Oculus/OculusVR/Binaries/Win64/UE4Editor-OculusEditor.dll (API version 3944462).
LogModuleManager: Display: Found up-to-date module file ../../../Engine/Plugins/Runtime/PhysXVehicles/Binaries/Win64/UE4Editor-PhysXVehicles.dll (API version 3944462).
LogModuleManager: Display: Found up-to-date module file ../../../Engine/Plugins/Runtime/PhysXVehicles/Binaries/Win64/UE4Editor-PhysXVehiclesEditor.dll (API version 3944462).
LogModuleManager: Display: Found up-to-date module file ../../../Engine/Plugins/Runtime/ProceduralMeshComponent/Binaries/Win64/UE4Editor-ProceduralMeshComponent.dll (API version 3944462).
LogModuleManager: Display: Found up-to-date module file ../../../Engine/Plugins/Runtime/ProceduralMeshComponent/Binaries/Win64/UE4Editor-ProceduralMeshComponentEditor.dll (API version 3944462).
LogModuleManager: Display: Found up-to-date module file ../../../Engine/Plugins/Runtime/RuntimePhysXCooking/Binaries/Win64/UE4Editor-RuntimePhysXCooking.dll (API version 3944462).
LogModuleManager: Display: Found up-to-date module file ../../../Engine/Plugins/Runtime/Steam/SteamVR/Binaries/Win64/UE4Editor-SteamVR.dll (API version 3944462).
LogModuleManager: Display: Found up-to-date module file ../../../Engine/Plugins/Runtime/Steam/SteamVR/Binaries/Win64/UE4Editor-SteamVRController.dll (API version 3944462).
LogModuleManager: Display: Found up-to-date module file ../../../Engine/Plugins/Runtime/WindowsMoviePlayer/Binaries/Win64/UE4Editor-WindowsMoviePlayer.dll (API version 3944462).
LogInit: Warning: Incompatible or missing module: UE4Editor-AIProject.dll
Running D:/Profiles/sb5411/Unreal_Engine/UE_4.19/Engine/Binaries/DotNET/UnrealBuildTool.exe AIProject Development Win64 -project="D:/Profiles/sb5411/Documents/Unreal Projects/AI_Team_Proj/Grad_AI/AIProject 4.19 - 2/AIProject.uproject" -editorrecompile -progress -NoHotReloadFromIDE
Using 'git status' to determine working set for adaptive non-unity build.
@progress push 5%
@progress pop
Target is up to date
Total build time: 1.11 seconds (NoActionsToExecute executor: 0.00 seconds)
LogModuleManager: Display: Found up-to-date module file ../../../../../Documents/Unreal Projects/AI_Team_Proj/Grad_AI/AIProject 4.19 - 2/Binaries/Win64/UE4Editor-AIProject.dll (API version 3944462).
LogModuleManager: Display: Found up-to-date module file ../../../Engine/Plugins/2D/Paper2D/Binaries/Win64/UE4Editor-Paper2D.dll (API version 3944462).
LogModuleManager: Display: Found up-to-date module file ../../../Engine/Plugins/2D/Paper2D/Binaries/Win64/UE4Editor-Paper2DEditor.dll (API version 3944462).
LogModuleManager: Display: Found up-to-date module file ../../../Engine/Plugins/2D/Paper2D/Binaries/Win64/UE4Editor-PaperSpriteSheetImporter.dll (API version 3944462).
LogModuleManager: Display: Found up-to-date module file ../../../Engine/Plugins/2D/Paper2D/Binaries/Win64/UE4Editor-PaperTiledImporter.dll (API version 3944462).
LogModuleManager: Display: Found up-to-date module file ../../../Engine/Plugins/2D/Paper2D/Binaries/Win64/UE4Editor-SmartSnapping.dll (API version 3944462).
LogModuleManager: Display: Found up-to-date module file ../../../Engine/Plugins/Animation/LiveLink/Binaries/Win64/UE4Editor-LiveLink.dll (API version 3944462).
LogModuleManager: Display: Found up-to-date module file ../../../Engine/Plugins/Animation/LiveLink/Binaries/Win64/UE4Editor-LiveLinkEditor.dll (API version 3944462).
LogModuleManager: Display: Found up-to-date module file ../../../Engine/Plugins/Blendables/LightPropagationVolume/Binaries/Win64/UE4Editor-LightPropagationVolumeRuntime.dll (API version 3944462).
LogModuleManager: Display: Found up-to-date module file ../../../Engine/Plugins/Blendables/LightPropagationVolume/Binaries/Win64/UE4Editor-LightPropagationVolumeEditor.dll (API version 3944462).
LogModuleManager: Display: Found up-to-date module file ../../../Engine/Plugins/Developer/CLionSourceCodeAccess/Binaries/Win64/UE4Editor-CLionSourceCodeAccess.dll (API version 3944462).
LogModuleManager: Display: Found up-to-date module file ../../../Engine/Plugins/Developer/GitSourceControl/Binaries/Win64/UE4Editor-GitSourceControl.dll (API version 3944462).
LogModuleManager: Display: Found up-to-date module file ../../../Engine/Plugins/Developer/PerforceSourceControl/Binaries/Win64/UE4Editor-PerforceSourceControl.dll (API version 3944462).
LogModuleManager: Display: Found up-to-date module file ../../../Engine/Plugins/Developer/SubversionSourceControl/Binaries/Win64/UE4Editor-SubversionSourceControl.dll (API version 3944462).
LogModuleManager: Display: Found up-to-date module file ../../../Engine/Plugins/Developer/UObjectPlugin/Binaries/Win64/UE4Editor-UObjectPlugin.dll (API version 3944462).
LogModuleManager: Display: Found up-to-date module file ../../../Engine/Plugins/Developer/VisualStudioCodeSourceCodeAccess/Binaries/Win64/UE4Editor-VisualStudioCodeSourceCodeAccess.dll (API version 3944462).
LogModuleManager: Display: Found up-to-date module file ../../../Engine/Plugins/Developer/VisualStudioSourceCodeAccess/Binaries/Win64/UE4Editor-VisualStudioSourceCodeAccess.dll (API version 3944462).
LogModuleManager: Display: Found up-to-date module file ../../../Engine/Plugins/Editor/AssetManagerEditor/Binaries/Win64/UE4Editor-AssetManagerEditor.dll (API version 3944462).
LogModuleManager: Display: Found up-to-date module file ../../../Engine/Plugins/Editor/CryptoKeys/Binaries/Win64/UE4Editor-CryptoKeys.dll (API version 3944462).
LogModuleManager: Display: Found up-to-date module file ../../../Engine/Plugins/Editor/CryptoKeys/Binaries/Win64/UE4Editor-CryptoKeysOpenSSL.dll (API version 3944462).
LogModuleManager: Display: Found up-to-date module file ../../../Engine/Plugins/Editor/DataValidation/Binaries/Win64/UE4Editor-DataValidation.dll (API version 3944462).
LogModuleManager: Display: Found up-to-date module file ../../../Engine/Plugins/Editor/FacialAnimation/Binaries/Win64/UE4Editor-FacialAnimation.dll (API version 3944462).
LogModuleManager: Display: Found up-to-date module file ../../../Engine/Plugins/Editor/FacialAnimation/Binaries/Win64/UE4Editor-FacialAnimationEditor.dll (API version 3944462).
LogModuleManager: Display: Found up-to-date module file ../../../Engine/Plugins/Editor/GameplayTagsEditor/Binaries/Win64/UE4Editor-GameplayTagsEditor.dll (API version 3944462).
LogModuleManager: Display: Found up-to-date module file ../../../Engine/Plugins/Editor/MobileLauncherProfileWizard/Binaries/Win64/UE4Editor-MobileLauncherProfileWizard.dll (API version 3944462).
LogModuleManager: Display: Found up-to-date module file ../../../Engine/Plugins/Editor/PluginBrowser/Binaries/Win64/UE4Editor-PluginBrowser.dll (API version 3944462).
LogModuleManager: Display: Found up-to-date module file ../../../Engine/Plugins/Editor/SpeedTreeImporter/Binaries/Win64/UE4Editor-SpeedTreeImporter.dll (API version 3944462).
LogModuleManager: Display: Found up-to-date module file ../../../Engine/Plugins/Enterprise/DatasmithContent/Binaries/Win64/UE4Editor-DatasmithContent.dll (API version 3944462).
LogModuleManager: Display: Found up-to-date module file ../../../Engine/Plugins/Experimental/AlembicImporter/Binaries/Win64/UE4Editor-AlembicImporter.dll (API version 3944462).
LogModuleManager: Display: Found up-to-date module file ../../../Engine/Plugins/Experimental/AlembicImporter/Binaries/Win64/UE4Editor-AlembicLibrary.dll (API version 3944462).
LogModuleManager: Display: Found up-to-date module file ../../../Engine/Plugins/Experimental/CharacterAI/Binaries/Win64/UE4Editor-CharacterAI.dll (API version 3944462).
LogModuleManager: Display: Found up-to-date module file ../../../Engine/Plugins/Experimental/HTML5Networking/Binaries/Win64/UE4Editor-HTML5Networking.dll (API version 3944462).
LogModuleManager: Display: Found up-to-date module file ../../../Engine/Plugins/Media/AndroidMedia/Binaries/Win64/UE4Editor-AndroidMediaEditor.dll (API version 3944462).
LogModuleManager: Display: Found up-to-date module file ../../../Engine/Plugins/Media/AndroidMedia/Binaries/Win64/UE4Editor-AndroidMediaFactory.dll (API version 3944462).
LogModuleManager: Display: Found up-to-date module file ../../../Engine/Plugins/Media/AvfMedia/Binaries/Win64/UE4Editor-AvfMediaEditor.dll (API version 3944462).
LogModuleManager: Display: Found up-to-date module file ../../../Engine/Plugins/Media/AvfMedia/Binaries/Win64/UE4Editor-AvfMediaFactory.dll (API version 3944462).
LogModuleManager: Display: Found up-to-date module file ../../../Engine/Plugins/Media/AvfMedia/Binaries/Win64/UE4Editor-AvfMediaFactory.dll (API version 3944462).
LogModuleManager: Display: Found up-to-date module file ../../../Engine/Plugins/Media/ImgMedia/Binaries/Win64/UE4Editor-ImgMedia.dll (API version 3944462).
LogModuleManager: Display: Found up-to-date module file ../../../Engine/Plugins/Media/ImgMedia/Binaries/Win64/UE4Editor-ImgMediaEditor.dll (API version 3944462).
LogModuleManager: Display: Found up-to-date module file ../../../Engine/Plugins/Media/ImgMedia/Binaries/Win64/UE4Editor-ImgMediaFactory.dll (API version 3944462).
LogModuleManager: Display: Found up-to-date module file ../../../Engine/Plugins/Media/ImgMedia/Binaries/Win64/UE4Editor-ImgMediaFactory.dll (API version 3944462).
LogModuleManager: Display: Found up-to-date module file ../../../Engine/Plugins/Media/ImgMedia/Binaries/Win64/UE4Editor-OpenExrWrapper.dll (API version 3944462).
LogModuleManager: Display: Found up-to-date module file ../../../Engine/Plugins/Media/LinearTimecode/Binaries/Win64/UE4Editor-LinearTimecode.dll (API version 3944462).
LogModuleManager: Display: Found up-to-date module file ../../../Engine/Plugins/Media/MediaCompositing/Binaries/Win64/UE4Editor-MediaCompositing.dll (API version 3944462).
LogModuleManager: Display: Found up-to-date module file ../../../Engine/Plugins/Media/MediaCompositing/Binaries/Win64/UE4Editor-MediaCompositingEditor.dll (API version 3944462).
LogModuleManager: Display: Found up-to-date module file ../../../Engine/Plugins/Media/MediaPlayerEditor/Binaries/Win64/UE4Editor-MediaPlayerEditor.dll (API version 3944462).
LogModuleManager: Display: Found up-to-date module file ../../../Engine/Plugins/Media/WmfMedia/Binaries/Win64/UE4Editor-WmfMedia.dll (API version 3944462).
LogModuleManager: Display: Found up-to-date module file ../../../Engine/Plugins/Media/WmfMedia/Binaries/Win64/UE4Editor-WmfMediaEditor.dll (API version 3944462).
LogModuleManager: Display: Found up-to-date module file ../../../Engine/Plugins/Media/WmfMedia/Binaries/Win64/UE4Editor-WmfMediaFactory.dll (API version 3944462).
LogModuleManager: Display: Found up-to-date module file ../../../Engine/Plugins/Media/WmfMedia/Binaries/Win64/UE4Editor-WmfMediaFactory.dll (API version 3944462).
LogModuleManager: Display: Found up-to-date module file ../../../Engine/Plugins/Messaging/TcpMessaging/Binaries/Win64/UE4Editor-TcpMessaging.dll (API version 3944462).
LogModuleManager: Display: Found up-to-date module file ../../../Engine/Plugins/Messaging/UdpMessaging/Binaries/Win64/UE4Editor-UdpMessaging.dll (API version 3944462).
LogModuleManager: Display: Found up-to-date module file ../../../Engine/Plugins/MovieScene/ActorSequence/Binaries/Win64/UE4Editor-ActorSequence.dll (API version 3944462).
LogModuleManager: Display: Found up-to-date module file ../../../Engine/Plugins/MovieScene/LevelSequenceEditor/Binaries/Win64/UE4Editor-LevelSequenceEditor.dll (API version 3944462).
LogModuleManager: Display: Found up-to-date module file ../../../Engine/Plugins/MovieScene/MatineeToLevelSequence/Binaries/Win64/UE4Editor-MatineeToLevelSequence.dll (API version 3944462).
LogModuleManager: Display: Found up-to-date module file ../../../Engine/Plugins/NetcodeUnitTest/NetcodeUnitTest/Binaries/Win64/UE4Editor-NetcodeUnitTest.dll (API version 3944462).
LogModuleManager: Display: Found up-to-date module file ../../../Engine/Plugins/NetcodeUnitTest/NUTUnrealEngine4/Binaries/Win64/UE4Editor-NUTUnrealEngine4.dll (API version 3944462).
LogModuleManager: Display: Found up-to-date module file ../../../Engine/Plugins/Online/OnlineSubsystem/Binaries/Win64/UE4Editor-OnlineSubsystem.dll (API version 3944462).
LogModuleManager: Display: Found up-to-date module file ../../../Engine/Plugins/Online/OnlineSubsystemNull/Binaries/Win64/UE4Editor-OnlineSubsystemNull.dll (API version 3944462).
LogModuleManager: Display: Found up-to-date module file ../../../Engine/Plugins/Online/OnlineSubsystemUtils/Binaries/Win64/UE4Editor-OnlineSubsystemUtils.dll (API version 3944462).
LogModuleManager: Display: Found up-to-date module file ../../../Engine/Plugins/Online/OnlineSubsystemUtils/Binaries/Win64/UE4Editor-OnlineBlueprintSupport.dll (API version 3944462).
LogModuleManager: Display: Found up-to-date module file ../../../Engine/Plugins/Runtime/AndroidDeviceProfileSelector/Binaries/Win64/UE4Editor-AndroidDeviceProfileSelector.dll (API version 3944462).
LogModuleManager: Display: Found up-to-date module file ../../../Engine/Plugins/Runtime/AndroidPermission/Binaries/Win64/UE4Editor-AndroidPermission.dll (API version 3944462).
LogModuleManager: Display: Found up-to-date module file ../../../Engine/Plugins/Runtime/AppleARKit/Binaries/Win64/UE4Editor-AppleARKit.dll (API version 3944462).
LogModuleManager: Display: Found up-to-date module file ../../../Engine/Plugins/Runtime/ArchVisCharacter/Binaries/Win64/UE4Editor-ArchVisCharacter.dll (API version 3944462).
LogModuleManager: Display: Found up-to-date module file ../../../Engine/Plugins/Runtime/AudioCapture/Binaries/Win64/UE4Editor-AudioCapture.dll (API version 3944462).
LogModuleManager: Display: Found up-to-date module file ../../../Engine/Plugins/Runtime/AudioCapture/Binaries/Win64/UE4Editor-AudioCaptureEditor.dll (API version 3944462).
LogModuleManager: Display: Found up-to-date module file ../../../Engine/Plugins/Runtime/CableComponent/Binaries/Win64/UE4Editor-CableComponent.dll (API version 3944462).
LogModuleManager: Display: Found up-to-date module file ../../../Engine/Plugins/Runtime/CustomMeshComponent/Binaries/Win64/UE4Editor-CustomMeshComponent.dll (API version 3944462).
LogModuleManager: Display: Found up-to-date module file ../../../Engine/Plugins/Runtime/ExampleDeviceProfileSelector/Binaries/Win64/UE4Editor-ExampleDeviceProfileSelector.dll (API version 3944462).
LogModuleManager: Display: Found up-to-date module file ../../../Engine/Plugins/Runtime/ImmediatePhysics/Binaries/Win64/UE4Editor-ImmediatePhysics.dll (API version 3944462).
LogModuleManager: Display: Found up-to-date module file ../../../Engine/Plugins/Runtime/ImmediatePhysics/Binaries/Win64/UE4Editor-ImmediatePhysicsEditor.dll (API version 3944462).
LogModuleManager: Display: Found up-to-date module file ../../../Engine/Plugins/Runtime/LocationServicesBPLibrary/Binaries/Win64/UE4Editor-LocationServicesBPLibrary.dll (API version 3944462).
LogModuleManager: Display: Found up-to-date module file ../../../Engine/Plugins/Runtime/MobilePatchingUtils/Binaries/Win64/UE4Editor-MobilePatchingUtils.dll (API version 3944462).
LogModuleManager: Display: Found up-to-date module file ../../../Engine/Plugins/Runtime/Oculus/OculusVR/Binaries/Win64/UE4Editor-OculusHMD.dll (API version 3944462).
LogModuleManager: Display: Found up-to-date module file ../../../Engine/Plugins/Runtime/Oculus/OculusVR/Binaries/Win64/UE4Editor-OculusInput.dll (API version 3944462).
LogModuleManager: Display: Found up-to-date module file ../../../Engine/Plugins/Runtime/Oculus/OculusVR/Binaries/Win64/UE4Editor-OculusEditor.dll (API version 3944462).
LogModuleManager: Display: Found up-to-date module file ../../../Engine/Plugins/Runtime/PhysXVehicles/Binaries/Win64/UE4Editor-PhysXVehicles.dll (API version 3944462).
LogModuleManager: Display: Found up-to-date module file ../../../Engine/Plugins/Runtime/PhysXVehicles/Binaries/Win64/UE4Editor-PhysXVehiclesEditor.dll (API version 3944462).
LogModuleManager: Display: Found up-to-date module file ../../../Engine/Plugins/Runtime/ProceduralMeshComponent/Binaries/Win64/UE4Editor-ProceduralMeshComponent.dll (API version 3944462).
LogModuleManager: Display: Found up-to-date module file ../../../Engine/Plugins/Runtime/ProceduralMeshComponent/Binaries/Win64/UE4Editor-ProceduralMeshComponentEditor.dll (API version 3944462).
LogModuleManager: Display: Found up-to-date module file ../../../Engine/Plugins/Runtime/RuntimePhysXCooking/Binaries/Win64/UE4Editor-RuntimePhysXCooking.dll (API version 3944462).
LogModuleManager: Display: Found up-to-date module file ../../../Engine/Plugins/Runtime/Steam/SteamVR/Binaries/Win64/UE4Editor-SteamVR.dll (API version 3944462).
LogModuleManager: Display: Found up-to-date module file ../../../Engine/Plugins/Runtime/Steam/SteamVR/Binaries/Win64/UE4Editor-SteamVRController.dll (API version 3944462).
LogModuleManager: Display: Found up-to-date module file ../../../Engine/Plugins/Runtime/WindowsMoviePlayer/Binaries/Win64/UE4Editor-WindowsMoviePlayer.dll (API version 3944462).
LogInit: Using libcurl 7.47.1
LogInit:  - built for x86_64-pc-win32
LogInit:  - supports SSL with OpenSSL/1.0.2g
LogInit:  - supports HTTP deflate (compression) using libz 1.2.8
LogInit:  - other features:
LogInit:      CURL_VERSION_SSL
LogInit:      CURL_VERSION_LIBZ
LogInit:      CURL_VERSION_IPV6
LogInit:      CURL_VERSION_ASYNCHDNS
LogInit:      CURL_VERSION_LARGEFILE
LogInit:      CURL_VERSION_IDN
LogInit:  CurlRequestOptions (configurable via config and command line):
LogInit:  - bVerifyPeer = false  - Libcurl will NOT verify peer certificate
LogInit:  - bUseHttpProxy = false  - Libcurl will NOT use HTTP proxy
LogInit:  - bDontReuseConnections = false  - Libcurl will reuse connections
LogInit:  - CertBundlePath = nullptr  - Libcurl will use whatever was configured at build time.
LogInit:  - MaxHostConnections = 16  - Libcurl will limit the number of connections to a host
LogInit:  - LocalHostAddr = Default
LogInit: WinSock: version 1.1 (2.2), MaxSocks=32767, MaxUdp=65467
LogInit: WinSock: I am IGM2000-27 (129.21.28.27:0)
LogInit: Build: ++UE4+Release-4.19-CL-4033788
LogInit: Engine Version: 4.19.2-4033788+++UE4+Release-4.19
LogInit: Compatible Engine Version: 4.19.0-3944462+++UE4+Release-4.19
LogInit: Net CL: 3944462
LogDevObjectVersion: Number of dev versions registered: 18
LogDevObjectVersion:   Dev-Blueprints (B0D832E4-1F89-4F0D-ACCF-7EB736FD4AA2): 10
LogDevObjectVersion:   Dev-Build (E1C64328-A22C-4D53-A36C-8E866417BD8C): 0
LogDevObjectVersion:   Dev-Core (375EC13C-06E4-48FB-B500-84F0262A717E): 2
LogDevObjectVersion:   Dev-Editor (E4B068ED-F494-42E9-A231-DA0B2E46BB41): 23
LogDevObjectVersion:   Dev-Framework (CFFC743F-43B0-4480-9391-14DF171D2073): 33
LogDevObjectVersion:   Dev-Mobile (B02B49B5-BB20-44E9-A304-32B752E40360): 2
LogDevObjectVersion:   Dev-Networking (A4E4105C-59A1-49B5-A7C5-40C4547EDFEE): 0
LogDevObjectVersion:   Dev-Online (39C831C9-5AE6-47DC-9A44-9C173E1C8E7C): 0
LogDevObjectVersion:   Dev-Physics (78F01B33-EBEA-4F98-B9B4-84EACCB95AA2): 0
LogDevObjectVersion:   Dev-Platform (6631380F-2D4D-43E0-8009-CF276956A95A): 0
LogDevObjectVersion:   Dev-Rendering (12F88B9F-8875-4AFC-A67C-D90C383ABD29): 25
LogDevObjectVersion:   Dev-Sequencer (7B5AE74C-D270-4C10-A958-57980B212A5A): 6
LogDevObjectVersion:   Dev-VR (D7296918-1DD6-4BDD-9DE2-64A83CC13884): 1
LogDevObjectVersion:   Dev-LoadTimes (C2A15278-BFE7-4AFE-6C17-90FF531DF755): 1
LogDevObjectVersion:   Private-Geometry (6EACA3D4-40EC-4CC1-B786-8BED09428FC5): 2
LogDevObjectVersion:   Dev-AnimPhys (29E575DD-E0A3-4627-9D10-D276232CDCEA): 16
LogDevObjectVersion:   Dev-ReflectionCapture (6B266CEC-1EC7-4B8F-A30B-E4D90942FC07): 1
LogDevObjectVersion:   Dev-Automation (0DF73D61-A23F-47EA-B727-89E90C41499A): 1
LogInit: Compiled (64-bit): Apr 27 2018 02:06:57
LogInit: Compiled with Visual C++: 19.00.24215.01
LogInit: Build Configuration: Development
LogInit: Branch Name: ++UE4+Release-4.19
LogInit: Command Line:  
LogInit: Base Directory: D:/Profiles/sb5411/Unreal_Engine/UE_4.19/Engine/Binaries/Win64/
LogInit: Installed Engine Build: 1
LogStreaming: Display: Took  0.001s to delete old logs.
LogInit: Presizing for max 8388607 objects, including 0 objects not considered by GC, pre-allocating 0 bytes for permanent pool.
LogInit: Object subsystem initialized
[2018.09.23-03.58.45:941][  0]LogInit: Selected Device Profile: [Windows]
[2018.09.23-03.58.45:941][  0]LogInit: Applying CVar settings loaded from the selected device profile: [Windows]
[2018.09.23-03.58.45:965][  0]LogInit: Computer: IGM2000-27
[2018.09.23-03.58.45:965][  0]LogInit: User: sb5411
[2018.09.23-03.58.45:965][  0]LogInit: CPU Page size=4096, Cores=4
[2018.09.23-03.58.45:965][  0]LogInit: High frequency timer resolution =3.515632 MHz
[2018.09.23-03.58.45:965][  0]LogMemory: Memory total: Physical=15.9GB (16GB approx)
[2018.09.23-03.58.45:965][  0]LogMemory: Platform Memory Stats for Windows
[2018.09.23-03.58.45:966][  0]LogMemory: Process Physical Memory: 278.79 MB used, 278.79 MB peak
[2018.09.23-03.58.45:966][  0]LogMemory: Process Virtual Memory: 265.15 MB used, 265.15 MB peak
[2018.09.23-03.58.45:966][  0]LogMemory: Physical Memory: 3535.95 MB used,  12766.21 MB free, 16302.15 MB total
[2018.09.23-03.58.45:966][  0]LogMemory: Virtual Memory: 4845.72 MB used,  12766.21 MB free, 134217728.00 MB total
[2018.09.23-03.58.45:997][  0]LogInit: Using OS detected language (en-US).
[2018.09.23-03.58.45:998][  0]LogInit: Using OS detected locale (en-US).
[2018.09.23-03.58.46:061][  0]LogTextLocalizationManager: No specific localization for 'en-US' exists, so the 'en' localization will be used.
[2018.09.23-03.58.46:590][  0]LogStreaming: Display: Took  0.592s to EndInitTextLocalization.
[2018.09.23-03.58.46:590][  0]LogInit: Setting process to per monitor DPI aware
[2018.09.23-03.58.46:655][  0]LogSlate: New Slate User Created.  User Index 0, Is Virtual User: 0
[2018.09.23-03.58.46:655][  0]LogSlate: Slate User Registered.  User Index 0, Is Virtual User: 0
[2018.09.23-03.58.49:340][  0]LogD3D11RHI: D3D11 adapters:
[2018.09.23-03.58.49:475][  0]LogD3D11RHI:    0. 'NVIDIA GeForce GTX 680' (Feature Level 11_0)
[2018.09.23-03.58.49:475][  0]LogD3D11RHI:       2007/0/8151 MB DedicatedVideo/DedicatedSystem/SharedSystem, Outputs:2, VendorId:0x10de
[2018.09.23-03.58.49:489][  0]LogD3D11RHI:    1. 'Microsoft Basic Render Driver' (Feature Level 11_0)
[2018.09.23-03.58.49:489][  0]LogD3D11RHI:       0/0/8151 MB DedicatedVideo/DedicatedSystem/SharedSystem, Outputs:0, VendorId:0x1414
[2018.09.23-03.58.49:489][  0]LogD3D11RHI: Chosen D3D11 Adapter: 0
[2018.09.23-03.58.49:494][  0]LogD3D11RHI: Creating new Direct3DDevice
[2018.09.23-03.58.49:495][  0]LogD3D11RHI:     GPU DeviceId: 0x1180 (for the marketing name, search the web for "GPU Device Id")
[2018.09.23-03.58.49:495][  0]LogWindows: EnumDisplayDevices:
[2018.09.23-03.58.49:495][  0]LogWindows:    0. 'NVIDIA GeForce GTX 680' (P:1 D:1)
[2018.09.23-03.58.49:495][  0]LogWindows:    1. 'NVIDIA GeForce GTX 680' (P:0 D:1)
[2018.09.23-03.58.49:495][  0]LogWindows:    2. 'NVIDIA GeForce GTX 680' (P:0 D:0)
[2018.09.23-03.58.49:495][  0]LogWindows:    3. 'NVIDIA GeForce GTX 680' (P:0 D:0)
[2018.09.23-03.58.49:495][  0]LogWindows: DebugString: GetVideoDriverDetailsInvalid PrimaryIsNotTheChoosenAdapter GetVideoDriverDetailsInvalid PrimaryIsNotTheChoosenAdapter GetVideoDriverDetailsInvalid PrimaryIsNotTheChoosenAdapter GetVideoDriverDetailsInvalid PrimaryIsNotTheChoosenAdapter FoundDriverCount:0 
[2018.09.23-03.58.49:495][  0]LogD3D11RHI:     Adapter Name: NVIDIA GeForce GTX 680
[2018.09.23-03.58.49:495][  0]LogD3D11RHI:   Driver Version: Unknown (internal:Unknown, unified:Unknown)
[2018.09.23-03.58.49:495][  0]LogD3D11RHI:      Driver Date: Unknown
[2018.09.23-03.58.49:495][  0]LogRHI: Texture pool is 1404 MB (70% of 2007 MB)
[2018.09.23-03.58.49:558][  0]LogD3D11RHI: [Aftermath] Aftermath enabled and primed
[2018.09.23-03.58.49:558][  0]LogD3D11RHI: [Aftermath] Aftermath enabled and primed
[2018.09.23-03.58.49:558][  0]LogD3D11RHI: Async texture creation enabled
[2018.09.23-03.58.49:578][  0]LogD3D11RHI: GPU Timing Frequency: 1000.000000 (Debug: 2 2)
[2018.09.23-03.58.49:581][  0]LogShaderCompilers: Guid format shader working directory is -31 characters bigger than the processId version (../../../../../Documents/Unreal Projects/AI_Team_Proj/Grad_AI/AIProject 4.19 - 2/Intermediate/Shaders/WorkingDirectory/11300/).
[2018.09.23-03.58.49:581][  0]LogShaderCompilers: Cleaned the shader compiler working directory 'D:/Profiles/sb5411/AppData/Local/Temp/UnrealShaderWorkingDir/36184E6043D21A9C7B7A33A835FC2087/'.
[2018.09.23-03.58.49:921][  0]LogTemp: Display: Loaded TP AllDesktopTargetPlatform
[2018.09.23-03.58.49:947][  0]LogTemp: Display: Loaded TP MacClientTargetPlatform
[2018.09.23-03.58.49:967][  0]LogTemp: Display: Loaded TP MacNoEditorTargetPlatform
[2018.09.23-03.58.49:991][  0]LogTemp: Display: Loaded TP MacServerTargetPlatform
[2018.09.23-03.58.50:006][  0]LogTemp: Display: Loaded TP MacTargetPlatform
[2018.09.23-03.58.50:022][  0]LogTemp: Display: Loaded TP WindowsClientTargetPlatform
[2018.09.23-03.58.50:038][  0]LogTemp: Display: Loaded TP WindowsNoEditorTargetPlatform
[2018.09.23-03.58.50:054][  0]LogTemp: Display: Loaded TP WindowsServerTargetPlatform
[2018.09.23-03.58.50:062][  0]LogTemp: Display: Loaded TP WindowsTargetPlatform
[2018.09.23-03.58.50:076][  0]LogTemp: Display: Loaded TP Android_ASTCTargetPlatform
[2018.09.23-03.58.50:090][  0]LogTemp: Display: Loaded TP Android_ATCTargetPlatform
[2018.09.23-03.58.50:104][  0]LogTemp: Display: Loaded TP Android_DXTTargetPlatform
[2018.09.23-03.58.50:119][  0]LogTemp: Display: Loaded TP Android_ETC1aTargetPlatform
[2018.09.23-03.58.50:133][  0]LogTemp: Display: Loaded TP Android_ETC1TargetPlatform
[2018.09.23-03.58.50:147][  0]LogTemp: Display: Loaded TP Android_ETC2TargetPlatform
[2018.09.23-03.58.50:175][  0]LogTemp: Display: Loaded TP Android_MultiTargetPlatform
[2018.09.23-03.58.50:175][  0]LogTemp: Display: Loaded TP Android_PVRTCTargetPlatform
[2018.09.23-03.58.50:190][  0]LogTemp: Display: Loaded TP AndroidTargetPlatform
[2018.09.23-03.58.50:192][  0]LogTemp: Display: Loaded TP HTML5TargetPlatform
[2018.09.23-03.58.50:233][  0]LogTemp: Display: Loaded TP IOSTargetPlatform
[2018.09.23-03.58.50:251][  0]LogTemp: Display: Loaded TP TVOSTargetPlatform
[2018.09.23-03.58.50:275][  0]LogTemp: Display: Loaded TP LinuxClientTargetPlatform
[2018.09.23-03.58.50:291][  0]LogTemp: Display: Loaded TP LinuxNoEditorTargetPlatform
[2018.09.23-03.58.50:306][  0]LogTemp: Display: Loaded TP LinuxServerTargetPlatform
[2018.09.23-03.58.50:321][  0]LogTemp: Display: Loaded TP LinuxTargetPlatform
[2018.09.23-03.58.50:321][  0]LogTargetPlatformManager: Display: Building Assets For Windows
[2018.09.23-03.58.50:459][  0]LogXGEController: Cleaning working directory: D:/Profiles/sb5411/AppData/Local/Temp/UnrealXGEWorkingDir/
[2018.09.23-03.58.50:459][  0]LogXGEController: Cannot use XGE Controller as Incredibuild is not installed on this machine.
[2018.09.23-03.58.50:459][  0]LogShaderCompilers: Cannot use XGE Shader Compiler as Incredibuild is not installed on this machine.
[2018.09.23-03.58.50:459][  0]LogShaderCompilers: Display: Using Local Shader Compiler.
[2018.09.23-03.58.52:103][  0]LogDerivedDataCache: Display: Max Cache Size: 512 MB
[2018.09.23-03.58.52:468][  0]LogDerivedDataCache: Loaded boot cache 0.36s 74MB D:/Profiles/sb5411/AppData/Local/UnrealEngine/4.19/DerivedDataCache/Boot.ddc.
[2018.09.23-03.58.52:468][  0]LogDerivedDataCache: Display: Loaded Boot cache: D:/Profiles/sb5411/AppData/Local/UnrealEngine/4.19/DerivedDataCache/Boot.ddc
[2018.09.23-03.58.52:468][  0]LogDerivedDataCache: FDerivedDataBackendGraph:  Pak pak cache file ../../../../../Documents/Unreal Projects/AI_Team_Proj/Grad_AI/AIProject 4.19 - 2/DerivedDataCache/DDC.ddp not found, will not use a pak cache.
[2018.09.23-03.58.52:468][  0]LogDerivedDataCache: Unable to find inner node Pak for hierarchical cache Hierarchy.
[2018.09.23-03.58.52:468][  0]LogDerivedDataCache: FDerivedDataBackendGraph:  CompressedPak pak cache file ../../../../../Documents/Unreal Projects/AI_Team_Proj/Grad_AI/AIProject 4.19 - 2/DerivedDataCache/Compressed.ddp not found, will not use a pak cache.
[2018.09.23-03.58.52:468][  0]LogDerivedDataCache: Unable to find inner node CompressedPak for hierarchical cache Hierarchy.
[2018.09.23-03.58.52:489][  0]LogDerivedDataCache: Display: Pak cache opened for reading ../../../Engine/DerivedDataCache/Compressed.ddp.
[2018.09.23-03.58.52:501][  0]LogDerivedDataCache: Using Local data cache path D:/Profiles/sb5411/AppData/Local/UnrealEngine/Common/DerivedDataCache: Writable
[2018.09.23-03.58.52:501][  0]LogDerivedDataCache: Shared data cache path not found in *engine.ini, will not use an Shared cache.
[2018.09.23-03.58.52:501][  0]LogDerivedDataCache: Unable to find inner node Shared for hierarchical cache Hierarchy.
[2018.09.23-03.58.52:516][  0]LogMaterial: Verifying Global Shaders for PCD3D_SM5
[2018.09.23-03.58.52:516][  0]LogSlate: Using Freetype 2.6.0
[2018.09.23-03.58.52:536][  0]LogSlate: SlateFontCache - WITH_FREETYPE: 1, WITH_HARFBUZZ: 1
[2018.09.23-03.58.52:536][  0]LogSlate: SlateFontCache - WITH_FREETYPE: 1, WITH_HARFBUZZ: 1
[2018.09.23-03.58.54:188][  0]LogAssetRegistry: FAssetRegistry took 0.0275 seconds to start up
[2018.09.23-03.58.54:648][  0]LogInit: Selected Device Profile: [Windows]
[2018.09.23-03.58.54:845][  0]LogSimplygon: Simplygon DLL not present - disabling.
[2018.09.23-03.58.54:848][  0]LogMeshReduction: Using SimplygonSwarm for distributed automatic mesh merging
[2018.09.23-03.58.54:848][  0]LogMeshReduction: Using QuadricMeshReduction for automatic static mesh reduction
[2018.09.23-03.58.54:848][  0]LogMeshReduction: No automatic skeletal mesh reduction module available
[2018.09.23-03.58.54:848][  0]LogMeshReduction: No automatic mesh merging module available
[2018.09.23-03.58.54:848][  0]LogMeshMerging: No automatic mesh merging module available
[2018.09.23-03.58.54:886][  0]LogNetVersion: AIProject , NetCL: 3944462, EngineNetVer: 2, GameNetVer: 0 (Checksum: 2379865880)
[2018.09.23-03.58.55:360][  0]LogPackageLocalizationCache: Processed 9 localized package path(s) for 2 prioritized culture(s) in 0.085203 seconds
[2018.09.23-03.58.55:366][  0]LogUObjectArray: 36728 objects as part of root set at end of initial load.
[2018.09.23-03.58.55:366][  0]LogUObjectAllocator: 7314304 out of 0 bytes used by permanent object pool.
[2018.09.23-03.58.55:366][  0]LogUObjectArray: CloseDisregardForGC: 0/0 objects in disregard for GC pool
[2018.09.23-03.58.59:600][  0]LogTcpMessaging: Initializing TcpMessaging bridge
[2018.09.23-03.58.59:650][  0]LogUdpMessaging: Initializing bridge on interface 0.0.0.0:0 to multicast group 230.0.0.1:6666.
[2018.09.23-03.59.00:277][  0]SourceControl: Source control is disabled
[2018.09.23-03.59.00:277][  0]SourceControl: Source control is disabled
[2018.09.23-03.59.00:319][  0]SourceControl: Source control is disabled
[2018.09.23-03.59.00:367][  0]SourceControl: Source control is disabled
[2018.09.23-03.59.01:178][  0]LogAndroidPermission: UAndroidPermissionCallbackProxy::GetInstance
[2018.09.23-03.59.01:542][  0]LogOcInput: OculusInput pre-init called
[2018.09.23-03.59.01:734][  0]LogEngine: Initializing Engine...
[2018.09.23-03.59.01:736][  0]LogHMD: Failed to initialize OpenVR with code 110
[2018.09.23-03.59.01:737][  0]LogStats: UGameplayTagsManager::ConstructGameplayTagTree: Construct from data asset -  0.000 s
[2018.09.23-03.59.01:737][  0]LogStats: UGameplayTagsManager::ConstructGameplayTagTree: GameplayTagTreeChangedEvent.Broadcast -  0.000 s
[2018.09.23-03.59.01:973][  0]LogAIModule: Creating AISystem for world Untitled
[2018.09.23-03.59.02:031][  0]LogInit: XAudio2 using 'Speakers / Headphones (Realtek High Definition Audio)' : 2 channels at 48 kHz using 32 bits per sample (channel mask 0x3)
[2018.09.23-03.59.02:108][  0]LogInit: FAudioDevice initialized.
[2018.09.23-03.59.02:215][  0]LogDerivedDataCache: Saved boot cache 0.11s 74MB D:/Profiles/sb5411/AppData/Local/UnrealEngine/4.19/DerivedDataCache/Boot.ddc.
[2018.09.23-03.59.02:240][  0]LogInit: Texture streaming: Enabled
[2018.09.23-03.59.02:274][  0]LogEngineSessionManager: EngineSessionManager initialized
[2018.09.23-03.59.02:294][  0]LogInit: Transaction tracking system initialized
[2018.09.23-03.59.02:324][  0]BlueprintLog: New page: Editor Load
[2018.09.23-03.59.02:524][  0]LocalizationService: Localization service is disabled
[2018.09.23-03.59.02:748][  0]LogConsoleResponse: Display: 
[2018.09.23-03.59.02:907][  0]LogCook: Display: Max memory allowance for cook 16384mb min free memory 0mb
[2018.09.23-03.59.02:907][  0]LogCook: Display: Mobile HDR setting 1
[2018.09.23-03.59.02:907][  0]LogGameplayTags: Display: UGameplayTagsManager::DoneAddingNativeTags. DelegateIsBound: 0
[2018.09.23-03.59.02:907][  0]LogStats: UGameplayTagsManager::ConstructGameplayTagTree: Construct from data asset -  0.000 s
[2018.09.23-03.59.02:907][  0]LogStats: UGameplayTagsManager::ConstructGameplayTagTree: GameplayTagTreeChangedEvent.Broadcast -  0.000 s
[2018.09.23-03.59.03:547][  0]LogFileCache: Scanning file cache for directory 'D:/Profiles/sb5411/Documents/Unreal Projects/AI_Team_Proj/Grad_AI/AIProject 4.19 - 2/Content/' took 0.05s
[2018.09.23-03.59.03:547][  0]SourceControl: Source control is disabled
[2018.09.23-03.59.03:547][  0]Cmd: MAP LOAD FILE="../../../../../Documents/Unreal Projects/AI_Team_Proj/Grad_AI/AIProject 4.19 - 2/Content/StarterContent/Maps/Minimal_Default.umap" TEMPLATE=0 SHOWPROGRESS=1 FEATURELEVEL=3
[2018.09.23-03.59.03:561][  0]LightingResults: New page: Lighting Build
[2018.09.23-03.59.03:565][  0]MapCheck: New page: Map Check
[2018.09.23-03.59.03:565][  0]LightingResults: New page: Lighting Build
[2018.09.23-03.59.04:058][  0]LogAIModule: Creating AISystem for world Minimal_Default
[2018.09.23-03.59.04:065][  0]LogEditorServer: Finished looking for orphan Actors (0.000 secs)
[2018.09.23-03.59.04:077][  0]Cmd: MAP CHECKDEP NOCLEARLOG
[2018.09.23-03.59.04:144][  0]MapCheck: Map check complete: 0 Error(s), 0 Warning(s), took 66.916ms to complete.
[2018.09.23-03.59.04:144][  0]LogFileHelpers: Loading map 'Minimal_Default' took 0.598
[2018.09.23-03.59.04:374][  0]LogCollectionManager: Loaded 0 collections in 0.001595 seconds
[2018.09.23-03.59.04:424][  0]LogFileCache: Scanning file cache for directory 'D:/Profiles/sb5411/Documents/Unreal Projects/AI_Team_Proj/Grad_AI/AIProject 4.19 - 2/Saved/Collections/' took 0.01s
[2018.09.23-03.59.04:424][  0]LogFileCache: Scanning file cache for directory 'D:/Profiles/sb5411/Documents/Unreal Projects/AI_Team_Proj/Grad_AI/AIProject 4.19 - 2/Content/Developers/sb5411/Collections/' took 0.01s
[2018.09.23-03.59.04:424][  0]LogFileCache: Scanning file cache for directory 'D:/Profiles/sb5411/Documents/Unreal Projects/AI_Team_Proj/Grad_AI/AIProject 4.19 - 2/Content/Collections/' took 0.01s
[2018.09.23-03.59.04:424][  0]LogCollectionManager: Rebuilt the GUID cache for 0 collections in 0.000001 seconds
[2018.09.23-03.59.04:437][  0]LogContentBrowser: Native class hierarchy populated in 0.0129 seconds. Added 2456 classes and 561 folders.
[2018.09.23-03.59.04:452][  0]LogContentBrowser: Native class hierarchy updated for 'WidgetCarousel' in 0.0009 seconds. Added 0 classes and 0 folders.
[2018.09.23-03.59.05:092][  0]LogContentBrowser: Native class hierarchy updated for 'AddContentDialog' in 0.0024 seconds. Added 0 classes and 0 folders.
[2018.09.23-03.59.05:106][  0]LogContentBrowser: Native class hierarchy updated for 'SceneOutliner' in 0.0027 seconds. Added 1 classes and 2 folders.
[2018.09.23-03.59.05:141][  0]LogSlate: Took 0.008026 seconds to synchronously load lazily loaded font '../../../Engine/Content/Slate/Fonts/Roboto-Regular.ttf' (155K)
[2018.09.23-03.59.05:154][  0]LogSlate: Took 0.005947 seconds to synchronously load lazily loaded font '../../../Engine/Content/Slate/Fonts/Roboto-Bold.ttf' (160K)
[2018.09.23-03.59.05:166][  0]LogSlate: Took 0.005916 seconds to synchronously load lazily loaded font '../../../Engine/Content/Editor/Slate/Fonts/FontAwesome.ttf' (139K)
[2018.09.23-03.59.05:310][  0]LogRenderer: Reallocating scene render targets to support 1208x576 Format 10 NumSamples 1 (Frame:1).
[2018.09.23-03.59.05:475][  0]LogContentBrowser: Native class hierarchy updated for 'HierarchicalLODOutliner' in 0.0023 seconds. Added 0 classes and 0 folders.
[2018.09.23-03.59.05:475][  0]LogLoad: (Engine Initialization) Total time: 28.96 seconds
[2018.09.23-03.59.05:475][  0]LogLoad: (Engine Initialization) Total Blueprint compile time: 0.00 seconds
[2018.09.23-03.59.05:486][  0]LogWindowsTextInputMethodSystem: Display: IME system now deactivated.
[2018.09.23-03.59.05:508][  0]LogContentStreaming: Texture pool size now 1000 MB
[2018.09.23-03.59.05:827][  4]LogAssetRegistry: Asset discovery search completed in 11.6615 seconds
[2018.09.23-03.59.05:833][  4]LogCollectionManager: Rebuilt the object cache for 0 collections in 0.000001 seconds (found 0 objects)
[2018.09.23-03.59.05:833][  4]LogCollectionManager: Fixed up redirectors for 0 collections in 0.000071 seconds (updated 0 objects)
[2018.09.23-03.59.07:193][146]LogSlate: FSceneViewport::OnFocusLost() reason 0
[2018.09.23-03.59.08:034][245]LogSlate: Took 0.006472 seconds to synchronously load lazily loaded font '../../../Engine/Content/Slate/Fonts/Roboto-Light.ttf' (167K)
[2018.09.23-03.59.08:859][341]LogSlate: Took 0.000238 seconds to synchronously load lazily loaded font '../../../Engine/Content/Slate/Fonts/Roboto-Light.ttf' (167K)
[2018.09.23-03.59.09:313][341]LogPackageName: Warning: String asset reference "Env_Ice_Rocky.Mesh.Env_Ice_NordHeed01" is in short form, which is unsupported and -- even if valid -- resolving it will be really slow.
[2018.09.23-03.59.09:314][341]LogPackageName: Warning: Please consider resaving package in order to speed-up loading.
[2018.09.23-03.59.09:478][341]LogPackageName: SearchForPackageOnDisk took   0.164s, but failed to resolve Env_Ice_Rocky.
[2018.09.23-03.59.09:478][341]LogPackageName: Warning: String asset reference "Env_Ice_Rocky.Mesh.Env_Ice_NordHeed01" could not be resolved.
[2018.09.23-03.59.09:480][341]LogPackageName: Warning: String asset reference "Env_Ice_Rocky.Mesh.Env_Ice_RockTerrain01" is in short form, which is unsupported and -- even if valid -- resolving it will be really slow.
[2018.09.23-03.59.09:480][341]LogPackageName: Warning: Please consider resaving package in order to speed-up loading.
[2018.09.23-03.59.09:626][341]LogPackageName: SearchForPackageOnDisk took   0.147s, but failed to resolve Env_Ice_Rocky.
[2018.09.23-03.59.09:626][341]LogPackageName: Warning: String asset reference "Env_Ice_Rocky.Mesh.Env_Ice_RockTerrain01" could not be resolved.
[2018.09.23-03.59.09:637][341]LogPackageName: Warning: String asset reference "Env_Ice_Rocky.Mesh.Env_Ice_NordHeed01" is in short form, which is unsupported and -- even if valid -- resolving it will be really slow.
[2018.09.23-03.59.09:637][341]LogPackageName: Warning: Please consider resaving package in order to speed-up loading.
[2018.09.23-03.59.09:788][341]LogPackageName: SearchForPackageOnDisk took   0.151s, but failed to resolve Env_Ice_Rocky.
[2018.09.23-03.59.09:788][341]LogPackageName: Warning: String asset reference "Env_Ice_Rocky.Mesh.Env_Ice_NordHeed01" could not be resolved.
[2018.09.23-03.59.09:792][341]LogPackageName: Warning: String asset reference "JW_Ice_Mountain.Mesh.SM_SnowBoulder" is in short form, which is unsupported and -- even if valid -- resolving it will be really slow.
[2018.09.23-03.59.09:792][341]LogPackageName: Warning: Please consider resaving package in order to speed-up loading.
[2018.09.23-03.59.10:023][341]LogPackageName: SearchForPackageOnDisk took   0.230s, but failed to resolve JW_Ice_Mountain.
[2018.09.23-03.59.10:023][341]LogPackageName: Warning: String asset reference "JW_Ice_Mountain.Mesh.SM_SnowBoulder" could not be resolved.
[2018.09.23-03.59.12:303][341]LogAIModule: Creating AISystem for world Forge
[2018.09.23-03.59.12:304][341]LogMaterial: Warning: Material /Game/InfinityBladeGrassLands/Environments/Plains/Env_Plains_Flora/Materials/M_Plains_Tree_Stump01.M_Plains_Tree_Stump01 needed to have new flag set bUsedWithInstancedStaticMeshes !
[2018.09.23-03.59.12:321][341]LogMaterial: Missing cached shader map for material M_Plains_Tree_Stump01, compiling. 
[2018.09.23-03.59.12:390][341]MapCheck: Warning: M_Plains_Tree_Stump01 Material /Game/InfinityBladeGrassLands/Environments/Plains/Env_Plains_Flora/Materials/M_Plains_Tree_Stump01.M_Plains_Tree_Stump01 was missing the usage flag bUsedWithInstancedStaticMeshes. If the material asset is not re-saved, it may not render correctly when run outside the editor. Fix
[2018.09.23-03.59.12:400][341]LogShaderCompilers: Display: Shaders left to compile 61
[2018.09.23-03.59.12:400][341]LogShaderCompilers: Display: Shaders left to compile 51
[2018.09.23-03.59.12:400][341]LogShaderCompilers: Display: Shaders left to compile 41
[2018.09.23-03.59.12:400][341]LogShaderCompilers: Display: Shaders left to compile 31
[2018.09.23-03.59.12:405][341]LogMaterial: Warning: Material /Game/InfinityBladeGrassLands/Environments/Plains/Env_Plains_Flora/Materials/M_PLains_Fern01.M_PLains_Fern01 needed to have new flag set bUsedWithInstancedStaticMeshes !
[2018.09.23-03.59.12:408][341]LogMaterial: Missing cached shader map for material M_PLains_Fern01, compiling. 
[2018.09.23-03.59.12:496][341]MapCheck: Warning: M_PLains_Fern01 Material /Game/InfinityBladeGrassLands/Environments/Plains/Env_Plains_Flora/Materials/M_PLains_Fern01.M_PLains_Fern01 was missing the usage flag bUsedWithInstancedStaticMeshes. If the material asset is not re-saved, it may not render correctly when run outside the editor. Fix
[2018.09.23-03.59.12:499][341]LogMaterial: Warning: Material /Game/InfinityBladeGrassLands/Environments/Earth/Materials/M_TreeBark.M_TreeBark needed to have new flag set bUsedWithInstancedStaticMeshes !
[2018.09.23-03.59.12:503][341]LogMaterial: Missing cached shader map for material M_TreeBark, compiling. 
[2018.09.23-03.59.12:530][341]MapCheck: Warning: M_TreeBark Material /Game/InfinityBladeGrassLands/Environments/Earth/Materials/M_TreeBark.M_TreeBark was missing the usage flag bUsedWithInstancedStaticMeshes. If the material asset is not re-saved, it may not render correctly when run outside the editor. Fix
[2018.09.23-03.59.12:531][341]LogMaterial: Warning: Material /Game/InfinityBladeGrassLands/Environments/Earth/Materials/M_Cherry_Tree.M_Cherry_Tree needed to have new flag set bUsedWithInstancedStaticMeshes !
[2018.09.23-03.59.12:533][341]LogMaterial: Missing cached shader map for material M_Cherry_Tree, compiling. 
[2018.09.23-03.59.12:570][341]MapCheck: Warning: M_Cherry_Tree Material /Game/InfinityBladeGrassLands/Environments/Earth/Materials/M_Cherry_Tree.M_Cherry_Tree was missing the usage flag bUsedWithInstancedStaticMeshes. If the material asset is not re-saved, it may not render correctly when run outside the editor. Fix
[2018.09.23-03.59.12:613][341]Cmd: MAP LOAD FILE="../../../../../Documents/Unreal Projects/AI_Team_Proj/Grad_AI/AIProject 4.19 - 2/Content/InfinityBladeFireLands/Maps/Forge.umap" TEMPLATE=0 SHOWPROGRESS=1 FEATURELEVEL=3
[2018.09.23-03.59.12:613][341]LightingResults: New page: Lighting Build
[2018.09.23-03.59.12:614][341]LoadErrors: New page: Loading map: Forge.umap
[2018.09.23-03.59.12:615][341]MapCheck: New page: Map Check
[2018.09.23-03.59.12:615][341]LightingResults: New page: Lighting Build
[2018.09.23-03.59.12:680][341]LogEditorServer: Finished looking for orphan Actors (0.000 secs)
[2018.09.23-03.59.12:733][341]Cmd: MAP CHECKDEP NOCLEARLOG
[2018.09.23-03.59.12:841][341]MapCheck: Map check complete: 0 Error(s), 0 Warning(s), took 108.234ms to complete.
[2018.09.23-03.59.12:843][341]LogFileHelpers: Loading map 'Forge' took 0.232
[2018.09.23-03.59.15:215][482]LogSlate: Window 'Message Log' being destroyed
[2018.09.23-03.59.15:220][482]LogSlate: Window 'Message Log' being destroyed
[2018.09.23-03.59.15:231][482]LogShaderCompilers: Display: Shaders left to compile 316
[2018.09.23-03.59.15:767][528]LogShaderCompilers: Display: Shaders left to compile 306
[2018.09.23-03.59.16:631][601]LogShaderCompilers: Display: Shaders left to compile 296
[2018.09.23-03.59.16:921][625]LogShaderCompilers: Display: Shaders left to compile 286
[2018.09.23-03.59.18:594][776]LogShaderCompilers: Display: Shaders left to compile 276
[2018.09.23-03.59.18:912][805]LogShaderCompilers: Display: Shaders left to compile 266
[2018.09.23-03.59.19:387][843]LogShaderCompilers: Display: Shaders left to compile 256
[2018.09.23-03.59.19:547][856]LogShaderCompilers: Display: Shaders left to compile 246
[2018.09.23-03.59.20:790][963]LogShaderCompilers: Display: Shaders left to compile 236
[2018.09.23-03.59.21:748][ 48]LogShaderCompilers: Display: Shaders left to compile 226
[2018.09.23-03.59.22:927][153]LogShaderCompilers: Display: Shaders left to compile 216
[2018.09.23-03.59.23:203][178]LogShaderCompilers: Display: Shaders left to compile 206
[2018.09.23-03.59.23:327][189]LogShaderCompilers: Display: Shaders left to compile 196
[2018.09.23-03.59.24:709][312]LogShaderCompilers: Display: Shaders left to compile 186
[2018.09.23-03.59.25:316][363]LogShaderCompilers: Display: Shaders left to compile 176
[2018.09.23-03.59.26:485][469]LogShaderCompilers: Display: Shaders left to compile 166
[2018.09.23-03.59.27:255][538]LogShaderCompilers: Display: Shaders left to compile 156
[2018.09.23-03.59.27:511][561]LogShaderCompilers: Display: Shaders left to compile 146
[2018.09.23-03.59.28:151][619]LogShaderCompilers: Display: Shaders left to compile 136
[2018.09.23-03.59.29:672][722]LogShaderCompilers: Display: Shaders left to compile 126
[2018.09.23-03.59.29:996][741]LogShaderCompilers: Display: Shaders left to compile 116
[2018.09.23-03.59.30:154][751]LogShaderCompilers: Display: Shaders left to compile 106
[2018.09.23-03.59.31:568][842]LogShaderCompilers: Display: Shaders left to compile 96
[2018.09.23-03.59.32:137][879]LogShaderCompilers: Display: Shaders left to compile 86
[2018.09.23-03.59.32:711][916]LogShaderCompilers: Display: Shaders left to compile 76
[2018.09.23-03.59.32:727][917]LogShaderCompilers: Display: Shaders left to compile 66
[2018.09.23-03.59.33:716][979]LogShaderCompilers: Display: Shaders left to compile 56
[2018.09.23-03.59.35:166][ 72]LogShaderCompilers: Display: Shaders left to compile 46
[2018.09.23-03.59.36:022][127]LogShaderCompilers: Display: Shaders left to compile 36
[2018.09.23-03.59.36:227][140]LogShaderCompilers: Display: Shaders left to compile 26
[2018.09.23-03.59.36:412][152]LogShaderCompilers: Display: Shaders left to compile 16
[2018.09.23-03.59.38:049][257]LogShaderCompilers: Display: Shaders left to compile 6
[2018.09.23-03.59.49:963][286]LogSlate: FSceneViewport::OnFocusLost() reason 0
[2018.09.23-03.59.50:089][291]LogSlate: Window 'AIProject - Unreal Editor' being destroyed
[2018.09.23-03.59.50:090][291]LogWindowsTextInputMethodSystem: Display: IME system now deactivated.
[2018.09.23-03.59.50:307][292]Cmd: QUIT_EDITOR
[2018.09.23-03.59.50:374][292]LogSlate: Slate User Destroyed.  User Index 0, Is Virtual User: 0
[2018.09.23-03.59.50:374][292]LogExit: Preparing to exit.
[2018.09.23-03.59.50:759][292]LogDirectoryWatcher: A directory notification for 'D:/Profiles/sb5411/Documents/Unreal Projects/AI_Team_Proj/Grad_AI/AIProject 4.19 - 2/Content/' was aborted.
[2018.09.23-03.59.50:858][292]LogExit: Editor shut down
[2018.09.23-03.59.50:861][292]LogExit: Transaction tracking system shut down
[2018.09.23-03.59.51:055][292]LogDirectoryWatcher: A directory notification for '../../../Engine/Content/' was aborted.
[2018.09.23-03.59.51:056][292]LogDirectoryWatcher: A directory notification for '../../../../../Documents/Unreal Projects/AI_Team_Proj/Grad_AI/AIProject 4.19 - 2/Content/' was aborted.
[2018.09.23-03.59.51:056][292]LogDirectoryWatcher: A directory notification for '../../Plugins/2D/Paper2D/Content/' was aborted.
[2018.09.23-03.59.51:056][292]LogDirectoryWatcher: A directory notification for '../../Plugins/Enterprise/DatasmithContent/Content/' was aborted.
[2018.09.23-03.59.51:056][292]LogDirectoryWatcher: A directory notification for '../../Plugins/Media/MediaCompositing/Content/' was aborted.
[2018.09.23-03.59.51:056][292]LogDirectoryWatcher: A directory notification for '../../Plugins/Runtime/AppleARKit/Content/' was aborted.
[2018.09.23-03.59.51:056][292]LogDirectoryWatcher: A directory notification for '../../Plugins/Runtime/Oculus/OculusVR/Content/' was aborted.
[2018.09.23-03.59.51:056][292]LogDirectoryWatcher: A directory notification for '../../Plugins/Runtime/Steam/SteamVR/Content/' was aborted.
[2018.09.23-03.59.51:118][292]LogExit: Object subsystem successfully closed.
[2018.09.23-03.59.51:270][292]LogShaderCompilers: Display: Shaders left to compile 0
[2018.09.23-03.59.51:275][292]LogD3D11RHI: Shutdown
[2018.09.23-03.59.51:275][292]LogD3D11RHI: CleanupD3DDevice
[2018.09.23-03.59.51:308][292]LogD3D11RHI: ~FD3D11DynamicRHI
[2018.09.23-03.59.51:322][292]LogModuleManager: Shutting down and abandoning module HierarchicalLODOutliner (576)
[2018.09.23-03.59.51:322][292]LogModuleManager: Shutting down and abandoning module SceneOutliner (574)
[2018.09.23-03.59.51:322][292]LogModuleManager: Shutting down and abandoning module AddContentDialog (572)
[2018.09.23-03.59.51:322][292]LogDirectoryWatcher: A directory notification for 'D:/Profiles/sb5411/Unreal_Engine/UE_4.19/FeaturePacks/' was aborted.
[2018.09.23-03.59.51:323][292]LogModuleManager: Shutting down and abandoning module WidgetCarousel (571)
[2018.09.23-03.59.51:323][292]LogModuleManager: Shutting down and abandoning module EditorWidgets (568)
[2018.09.23-03.59.51:323][292]LogModuleManager: Shutting down and abandoning module CollectionManager (566)
[2018.09.23-03.59.51:323][292]LogDirectoryWatcher: A directory notification for 'D:/Profiles/sb5411/Documents/Unreal Projects/AI_Team_Proj/Grad_AI/AIProject 4.19 - 2/Content/Collections/' was aborted.
[2018.09.23-03.59.51:323][292]LogDirectoryWatcher: A directory notification for 'D:/Profiles/sb5411/Documents/Unreal Projects/AI_Team_Proj/Grad_AI/AIProject 4.19 - 2/Content/Developers/sb5411/Collections/' was aborted.
[2018.09.23-03.59.51:323][292]LogDirectoryWatcher: A directory notification for 'D:/Profiles/sb5411/Documents/Unreal Projects/AI_Team_Proj/Grad_AI/AIProject 4.19 - 2/Saved/Collections/' was aborted.
[2018.09.23-03.59.51:323][292]LogModuleManager: Shutting down and abandoning module StatsViewer (564)
[2018.09.23-03.59.51:323][292]LogModuleManager: Shutting down and abandoning module FoliageEdit (562)
[2018.09.23-03.59.51:323][292]LogModuleManager: Shutting down and abandoning module LandscapeEditor (560)
[2018.09.23-03.59.51:324][292]LogModuleManager: Shutting down and abandoning module MeshPaintMode (558)
[2018.09.23-03.59.51:324][292]LogModuleManager: Shutting down and abandoning module SceneDepthPickerMode (556)
[2018.09.23-03.59.51:324][292]LogModuleManager: Shutting down and abandoning module ActorPickerMode (554)
[2018.09.23-03.59.51:324][292]LogModuleManager: Shutting down and abandoning module GeometryMode (552)
[2018.09.23-03.59.51:324][292]LogModuleManager: Shutting down and abandoning module TextureAlignMode (550)
[2018.09.23-03.59.51:324][292]LogModuleManager: Shutting down and abandoning module BspMode (548)
[2018.09.23-03.59.51:324][292]LogModuleManager: Shutting down and abandoning module PIEPreviewDeviceProfileSelector (546)
[2018.09.23-03.59.51:324][292]LogModuleManager: Shutting down and abandoning module HardwareSurvey (544)
[2018.09.23-03.59.51:324][292]LogModuleManager: Shutting down and abandoning module SequenceRecorderSections (542)
[2018.09.23-03.59.51:324][292]LogModuleManager: Shutting down and abandoning module AutomationWorker (540)
[2018.09.23-03.59.51:324][292]LogModuleManager: Shutting down and abandoning module AudioCaptureEditor (538)
[2018.09.23-03.59.51:324][292]LogModuleManager: Shutting down and abandoning module SequenceRecorder (537)
[2018.09.23-03.59.51:324][292]LogModuleManager: Shutting down and abandoning module MatineeToLevelSequence (534)
[2018.09.23-03.59.51:324][292]LogModuleManager: Shutting down and abandoning module LevelSequenceEditor (532)
[2018.09.23-03.59.51:324][292]LogModuleManager: Shutting down and abandoning module PlacementMode (531)
[2018.09.23-03.59.51:324][292]LogModuleManager: Shutting down and abandoning module MaterialEditor (530)
[2018.09.23-03.59.51:324][292]LogModuleManager: Shutting down and abandoning module WmfMediaFactory (526)
[2018.09.23-03.59.51:324][292]LogModuleManager: Shutting down and abandoning module WmfMediaEditor (524)
[2018.09.23-03.59.51:324][292]LogModuleManager: Shutting down and abandoning module MediaPlayerEditor (522)
[2018.09.23-03.59.51:324][292]LogModuleManager: Shutting down and abandoning module OpenExrWrapper (520)
[2018.09.23-03.59.51:324][292]LogModuleManager: Shutting down and abandoning module ImgMediaFactory (518)
[2018.09.23-03.59.51:324][292]LogModuleManager: Shutting down and abandoning module ImgMediaEditor (516)
[2018.09.23-03.59.51:324][292]LogModuleManager: Shutting down and abandoning module AvfMediaFactory (514)
[2018.09.23-03.59.51:324][292]LogModuleManager: Shutting down and abandoning module AvfMediaEditor (512)
[2018.09.23-03.59.51:324][292]LogModuleManager: Shutting down and abandoning module AndroidMediaFactory (510)
[2018.09.23-03.59.51:324][292]LogModuleManager: Shutting down and abandoning module AndroidMediaEditor (508)
[2018.09.23-03.59.51:324][292]LogModuleManager: Shutting down and abandoning module CharacterAI (506)
[2018.09.23-03.59.51:324][292]LogModuleManager: Shutting down and abandoning module SmartSnapping (504)
[2018.09.23-03.59.51:324][292]LogModuleManager: Shutting down and abandoning module SessionServices (502)
[2018.09.23-03.59.51:324][292]LogModuleManager: Shutting down and abandoning module ViewportSnapping (500)
[2018.09.23-03.59.51:325][292]LogModuleManager: Shutting down and abandoning module ViewportInteraction (498)
[2018.09.23-03.59.51:325][292]LogModuleManager: Shutting down and abandoning module ClothPainter (496)
[2018.09.23-03.59.51:325][292]LogModuleManager: Shutting down and abandoning module SkeletalMeshEditor (495)
[2018.09.23-03.59.51:325][292]LogModuleManager: Shutting down and abandoning module LogVisualizer (492)
[2018.09.23-03.59.51:325][292]LogModuleManager: Shutting down and abandoning module IntroTutorials (490)
[2018.09.23-03.59.51:325][292]LogModuleManager: Shutting down and abandoning module GameProjectGeneration (489)
[2018.09.23-03.59.51:325][292]LogModuleManager: Shutting down and abandoning module IOSPlatformEditor (486)
[2018.09.23-03.59.51:325][292]LogModuleManager: Shutting down and abandoning module HTML5PlatformEditor (484)
[2018.09.23-03.59.51:325][292]LogModuleManager: Shutting down and abandoning module AndroidPlatformEditor (482)
[2018.09.23-03.59.51:325][292]LogModuleManager: Shutting down and abandoning module AndroidDeviceDetection (481)
[2018.09.23-03.59.51:697][292]LogModuleManager: Shutting down and abandoning module WindowsPlatformEditor (478)
[2018.09.23-03.59.51:697][292]LogModuleManager: Shutting down and abandoning module IOSRuntimeSettings (476)
[2018.09.23-03.59.51:697][292]LogModuleManager: Shutting down and abandoning module AndroidRuntimeSettings (474)
[2018.09.23-03.59.51:697][292]LogModuleManager: Shutting down and abandoning module InputBindingEditor (472)
[2018.09.23-03.59.51:697][292]LogModuleManager: Shutting down and abandoning module MergeActors (470)
[2018.09.23-03.59.51:697][292]LogModuleManager: Shutting down and abandoning module LocalizationDashboard (468)
[2018.09.23-03.59.51:698][292]LogModuleManager: Shutting down and abandoning module LocalizationService (467)
[2018.09.23-03.59.51:698][292]LogModuleManager: Shutting down and abandoning module HardwareTargeting (464)
[2018.09.23-03.59.51:698][292]LogModuleManager: Shutting down and abandoning module DeviceProfileEditor (462)
[2018.09.23-03.59.51:698][292]LogModuleManager: Shutting down and abandoning module UndoHistory (460)
[2018.09.23-03.59.51:698][292]LogModuleManager: Shutting down and abandoning module XmlParser (458)
[2018.09.23-03.59.51:698][292]LogModuleManager: Shutting down and abandoning module Blutility (456)
[2018.09.23-03.59.51:698][292]LogModuleManager: Shutting down and abandoning module ProjectSettingsViewer (454)
[2018.09.23-03.59.51:698][292]LogModuleManager: Shutting down and abandoning module ProjectTargetPlatformEditor (453)
[2018.09.23-03.59.51:698][292]LogModuleManager: Shutting down and abandoning module EditorSettingsViewer (450)
[2018.09.23-03.59.51:699][292]LogModuleManager: Shutting down and abandoning module SettingsEditor (448)
[2018.09.23-03.59.51:699][292]LogModuleManager: Shutting down and abandoning module ProjectLauncher (446)
[2018.09.23-03.59.51:699][292]LogModuleManager: Shutting down and abandoning module SessionFrontend (444)
[2018.09.23-03.59.51:699][292]LogModuleManager: Shutting down and abandoning module ProfilerClient (442)
[2018.09.23-03.59.51:699][292]LogModuleManager: Shutting down and abandoning module DeviceManager (440)
[2018.09.23-03.59.51:699][292]LogModuleManager: Shutting down and abandoning module TargetDeviceServices (439)
[2018.09.23-03.59.51:765][292]LogModuleManager: Shutting down and abandoning module AutomationController (436)
[2018.09.23-03.59.51:765][292]LogModuleManager: Shutting down and abandoning module AutomationWindow (434)
[2018.09.23-03.59.51:765][292]LogModuleManager: Shutting down and abandoning module Layers (432)
[2018.09.23-03.59.51:765][292]LogModuleManager: Shutting down and abandoning module ComponentVisualizers (430)
[2018.09.23-03.59.51:765][292]LogModuleManager: Shutting down and abandoning module DetailCustomizations (428)
[2018.09.23-03.59.51:765][292]LogModuleManager: Shutting down and abandoning module PackagesDialog (426)
[2018.09.23-03.59.51:765][292]LogModuleManager: Shutting down and abandoning module Persona (424)
[2018.09.23-03.59.51:766][292]LogModuleManager: Shutting down and abandoning module AdvancedPreviewScene (423)
[2018.09.23-03.59.51:766][292]LogModuleManager: Shutting down and abandoning module AnimGraph (421)
[2018.09.23-03.59.51:766][292]LogModuleManager: Shutting down and abandoning module Kismet (418)
[2018.09.23-03.59.51:766][292]LogModuleManager: Shutting down and abandoning module GraphEditor (416)
[2018.09.23-03.59.51:767][292]LogModuleManager: Shutting down and abandoning module ClassViewer (414)
[2018.09.23-03.59.51:767][292]LogModuleManager: Shutting down and abandoning module Toolbox (412)
[2018.09.23-03.59.51:767][292]LogModuleManager: Shutting down and abandoning module ModuleUI (410)
[2018.09.23-03.59.51:767][292]LogModuleManager: Shutting down and abandoning module MovieSceneTools (408)
[2018.09.23-03.59.51:767][292]LogModuleManager: Shutting down and abandoning module OutputLog (406)
[2018.09.23-03.59.51:767][292]LogModuleManager: Shutting down and abandoning module GammaUI (404)
[2018.09.23-03.59.51:767][292]LogModuleManager: Shutting down and abandoning module Documentation (402)
[2018.09.23-03.59.51:767][292]LogModuleManager: Shutting down and abandoning module MovieSceneTracks (400)
[2018.09.23-03.59.51:767][292]LogModuleManager: Shutting down and abandoning module MovieScene (398)
[2018.09.23-03.59.51:767][292]LogModuleManager: Shutting down and abandoning module StreamingPauseRendering (396)
[2018.09.23-03.59.51:768][292]LogModuleManager: Shutting down and abandoning module LauncherPlatform (394)
[2018.09.23-03.59.51:768][292]LogModuleManager: Shutting down and abandoning module AnalyticsET (392)
[2018.09.23-03.59.51:768][292]LogModuleManager: Shutting down and abandoning module PortalServices (390)
[2018.09.23-03.59.51:768][292]LogModuleManager: Shutting down and abandoning module PortalRpc (388)
[2018.09.23-03.59.51:768][292]LogModuleManager: Shutting down and abandoning module MessagingRpc (386)
[2018.09.23-03.59.51:768][292]LogModuleManager: Shutting down and abandoning module AIModule (384)
[2018.09.23-03.59.51:768][292]LogModuleManager: Shutting down and abandoning module GameplayDebugger (383)
[2018.09.23-03.59.51:768][292]LogModuleManager: Shutting down and abandoning module AITestSuite (381)
[2018.09.23-03.59.51:768][292]LogModuleManager: Shutting down and abandoning module ProfilerService (378)
[2018.09.23-03.59.51:824][292]LogModuleManager: Shutting down and abandoning module TaskGraph (376)
[2018.09.23-03.59.51:824][292]LogModuleManager: Shutting down and abandoning module SteamVRController (374)
[2018.09.23-03.59.51:824][292]LogModuleManager: Shutting down and abandoning module ProceduralMeshComponentEditor (372)
[2018.09.23-03.59.51:824][292]LogModuleManager: Shutting down and abandoning module ProceduralMeshComponent (370)
[2018.09.23-03.59.51:824][292]LogModuleManager: Shutting down and abandoning module OculusInput (368)
[2018.09.23-03.59.51:824][292]LogModuleManager: Shutting down and abandoning module MobilePatchingUtils (366)
[2018.09.23-03.59.51:824][292]LogModuleManager: Shutting down and abandoning module CustomMeshComponent (364)
[2018.09.23-03.59.51:824][292]LogModuleManager: Shutting down and abandoning module CableComponent (362)
[2018.09.23-03.59.51:825][292]LogModuleManager: Shutting down and abandoning module AudioCapture (360)
[2018.09.23-03.59.51:825][292]LogModuleManager: Shutting down and abandoning module ArchVisCharacter (358)
[2018.09.23-03.59.51:825][292]LogModuleManager: Shutting down and abandoning module AndroidPermission (356)
[2018.09.23-03.59.51:825][292]LogModuleManager: Shutting down and abandoning module NUTUnrealEngine4 (352)
[2018.09.23-03.59.51:825][292]LogModuleManager: Shutting down and abandoning module NetcodeUnitTest (350)
[2018.09.23-03.59.51:825][292]LogModuleManager: Shutting down and abandoning module MediaCompositingEditor (348)
[2018.09.23-03.59.51:825][292]LogModuleManager: Shutting down and abandoning module MediaCompositing (346)
[2018.09.23-03.59.51:825][292]LogModuleManager: Shutting down and abandoning module LinearTimecode (344)
[2018.09.23-03.59.51:825][292]LogModuleManager: Shutting down and abandoning module ImgMedia (342)
[2018.09.23-03.59.51:833][292]LogModuleManager: Shutting down and abandoning module HTML5Networking (340)
[2018.09.23-03.59.51:833][292]LogModuleManager: Shutting down and abandoning module AlembicImporter (338)
[2018.09.23-03.59.51:833][292]LogModuleManager: Shutting down and abandoning module AlembicLibrary (337)
[2018.09.23-03.59.51:833][292]LogModuleManager: Shutting down and abandoning module GeometryCache (336)
[2018.09.23-03.59.51:833][292]LogModuleManager: Shutting down and abandoning module GeometryCacheEd (335)
[2018.09.23-03.59.51:834][292]LogModuleManager: Shutting down and abandoning module DatasmithContent (330)
[2018.09.23-03.59.51:834][292]LogModuleManager: Shutting down and abandoning module SpeedTreeImporter (328)
[2018.09.23-03.59.51:834][292]LogModuleManager: Shutting down and abandoning module PluginBrowser (326)
[2018.09.23-03.59.51:834][292]LogModuleManager: Shutting down and abandoning module MobileLauncherProfileWizard (324)
[2018.09.23-03.59.51:834][292]LogModuleManager: Shutting down and abandoning module CryptoKeysOpenSSL (322)
[2018.09.23-03.59.51:834][292]LogModuleManager: Shutting down and abandoning module CryptoKeys (320)
[2018.09.23-03.59.51:834][292]LogModuleManager: Shutting down and abandoning module VisualStudioSourceCodeAccess (318)
[2018.09.23-03.59.51:834][292]LogModuleManager: Shutting down and abandoning module VisualStudioCodeSourceCodeAccess (316)
[2018.09.23-03.59.51:834][292]LogModuleManager: Shutting down and abandoning module UObjectPlugin (314)
[2018.09.23-03.59.51:834][292]LogModuleManager: Shutting down and abandoning module SubversionSourceControl (312)
[2018.09.23-03.59.51:834][292]LogModuleManager: Shutting down and abandoning module PerforceSourceControl (310)
[2018.09.23-03.59.51:834][292]LogModuleManager: Shutting down and abandoning module GitSourceControl (308)
[2018.09.23-03.59.51:835][292]LogModuleManager: Shutting down and abandoning module SourceControl (307)
[2018.09.23-03.59.51:835][292]LogModuleManager: Shutting down and abandoning module CLionSourceCodeAccess (304)
[2018.09.23-03.59.51:835][292]LogModuleManager: Shutting down and abandoning module LightPropagationVolumeEditor (302)
[2018.09.23-03.59.51:835][292]LogModuleManager: Shutting down and abandoning module PaperTiledImporter (300)
[2018.09.23-03.59.51:835][292]LogModuleManager: Shutting down and abandoning module PaperSpriteSheetImporter (298)
[2018.09.23-03.59.51:835][292]LogModuleManager: Shutting down and abandoning module Paper2DEditor (296)
[2018.09.23-03.59.51:835][292]LogModuleManager: Shutting down and abandoning module MeshPaint (295)
[2018.09.23-03.59.51:835][292]LogModuleManager: Shutting down and abandoning module AIProject (292)
[2018.09.23-03.59.51:835][292]LogModuleManager: Shutting down and abandoning module RuntimePhysXCooking (290)
[2018.09.23-03.59.51:835][292]LogModuleManager: Shutting down and abandoning module PhysXVehiclesEditor (288)
[2018.09.23-03.59.51:835][292]LogModuleManager: Shutting down and abandoning module PhysXVehicles (286)
[2018.09.23-03.59.51:836][292]LogModuleManager: Shutting down and abandoning module OculusEditor (284)
[2018.09.23-03.59.51:836][292]LogModuleManager: Shutting down and abandoning module LocationServicesBPLibrary (282)
[2018.09.23-03.59.51:836][292]LogModuleManager: Shutting down and abandoning module ImmediatePhysicsEditor (280)
[2018.09.23-03.59.51:836][292]LogModuleManager: Shutting down and abandoning module ImmediatePhysics (278)
[2018.09.23-03.59.51:836][292]LogModuleManager: Shutting down and abandoning module ActorSequence (276)
[2018.09.23-03.59.51:836][292]LogModuleManager: Shutting down and abandoning module UdpMessaging (274)
[2018.09.23-03.59.51:937][292]LogModuleManager: Shutting down and abandoning module TcpMessaging (272)
[2018.09.23-03.59.52:038][292]LogModuleManager: Shutting down and abandoning module GameplayTagsEditor (270)
[2018.09.23-03.59.52:038][292]LogModuleManager: Shutting down and abandoning module FacialAnimationEditor (268)
[2018.09.23-03.59.52:038][292]LogModuleManager: Shutting down and abandoning module FacialAnimation (266)
[2018.09.23-03.59.52:038][292]LogModuleManager: Shutting down and abandoning module DataValidation (264)
[2018.09.23-03.59.52:038][292]LogModuleManager: Shutting down and abandoning module AssetManagerEditor (262)
[2018.09.23-03.59.52:038][292]LogModuleManager: Shutting down and abandoning module LevelEditor (261)
[2018.09.23-03.59.52:040][292]LogModuleManager: Shutting down and abandoning module PixelInspectorModule (260)
[2018.09.23-03.59.52:040][292]LogModuleManager: Shutting down and abandoning module CommonMenuExtensions (258)
[2018.09.23-03.59.52:041][292]LogModuleManager: Shutting down and abandoning module MainFrame (256)
[2018.09.23-03.59.52:041][292]LogModuleManager: Shutting down and abandoning module HotReload (255)
[2018.09.23-03.59.52:041][292]LogDirectoryWatcher: A directory notification for 'D:/Profiles/sb5411/Documents/Unreal Projects/AI_Team_Proj/Grad_AI/AIProject 4.19 - 2/Binaries/Win64' was aborted.
[2018.09.23-03.59.52:042][292]LogModuleManager: Shutting down and abandoning module ContentBrowser (251)
[2018.09.23-03.59.52:044][292]LogModuleManager: Shutting down and abandoning module TreeMap (249)
[2018.09.23-03.59.52:044][292]LogModuleManager: Shutting down and abandoning module LightPropagationVolumeRuntime (246)
[2018.09.23-03.59.52:044][292]LogModuleManager: Shutting down and abandoning module LiveLinkEditor (244)
[2018.09.23-03.59.52:044][292]LogModuleManager: Shutting down and abandoning module LiveLink (242)
[2018.09.23-03.59.52:273][292]LogModuleManager: Shutting down and abandoning module Paper2D (240)
[2018.09.23-03.59.52:273][292]LogModuleManager: Shutting down and abandoning module WindowsMoviePlayer (238)
[2018.09.23-03.59.52:273][292]LogModuleManager: Shutting down and abandoning module WmfMedia (236)
[2018.09.23-03.59.52:275][292]LogModuleManager: Shutting down and abandoning module Media (235)
[2018.09.23-03.59.52:283][292]LogModuleManager: Shutting down and abandoning module PacketHandler (232)
[2018.09.23-03.59.52:283][292]LogModuleManager: Shutting down and abandoning module ClothingSystemEditor (230)
[2018.09.23-03.59.52:283][292]LogModuleManager: Shutting down and abandoning module ClothingSystemRuntime (228)
[2018.09.23-03.59.52:283][292]LogModuleManager: Shutting down and abandoning module MediaAssets (226)
[2018.09.23-03.59.52:283][292]LogModuleManager: Shutting down and abandoning module Overlay (224)
[2018.09.23-03.59.52:283][292]LogModuleManager: Shutting down and abandoning module OverlayEditor (223)
[2018.09.23-03.59.52:283][292]LogModuleManager: Shutting down and abandoning module VREditor (220)
[2018.09.23-03.59.52:283][292]LogModuleManager: Shutting down and abandoning module StringTableEditor (218)
[2018.09.23-03.59.52:283][292]LogModuleManager: Shutting down and abandoning module GameplayTasksEditor (216)
[2018.09.23-03.59.52:283][292]LogModuleManager: Shutting down and abandoning module BehaviorTreeEditor (214)
[2018.09.23-03.59.52:283][292]LogModuleManager: Shutting down and abandoning module FunctionalTesting (212)
[2018.09.23-03.59.52:283][292]LogModuleManager: Shutting down and abandoning module CollisionAnalyzer (210)
[2018.09.23-03.59.52:284][292]LogModuleManager: Shutting down and abandoning module WorkspaceMenuStructure (209)
[2018.09.23-03.59.52:284][292]LogModuleManager: Shutting down and abandoning module UMG (206)
[2018.09.23-03.59.52:284][292]LogModuleManager: Shutting down and abandoning module UMGEditor (205)
[2018.09.23-03.59.52:284][292]LogModuleManager: Shutting down and abandoning module Sequencer (204)
[2018.09.23-03.59.52:284][292]LogModuleManager: Shutting down and abandoning module MessageLog (201)
[2018.09.23-03.59.52:284][292]LogModuleManager: Shutting down and abandoning module SlateReflector (196)
[2018.09.23-03.59.52:284][292]LogModuleManager: Shutting down and abandoning module Slate (194)
[2018.09.23-03.59.52:284][292]LogModuleManager: Shutting down and abandoning module EditorStyle (192)
[2018.09.23-03.59.52:289][292]LogModuleManager: Shutting down and abandoning module MRMesh (190)
[2018.09.23-03.59.52:289][292]LogModuleManager: Shutting down and abandoning module SourceCodeAccess (188)
[2018.09.23-03.59.52:289][292]LogModuleManager: Shutting down and abandoning module HeadMountedDisplay (186)
[2018.09.23-03.59.52:289][292]LogModuleManager: Shutting down and abandoning module XAudio2 (184)
[2018.09.23-03.59.52:289][292]LogModuleManager: Shutting down and abandoning module Networking (182)
[2018.09.23-03.59.52:289][292]LogModuleManager: Shutting down and abandoning module Core (180)
[2018.09.23-03.59.52:289][292]LogModuleManager: Shutting down and abandoning module LevelSequence (178)
[2018.09.23-03.59.52:289][292]LogModuleManager: Shutting down and abandoning module KismetCompiler (176)
[2018.09.23-03.59.52:289][292]LogModuleManager: Shutting down and abandoning module MeshUtilities (174)
[2018.09.23-03.59.52:289][292]LogModuleManager: Shutting down and abandoning module MeshMergeUtilities (173)
[2018.09.23-03.59.52:289][292]LogModuleManager: Shutting down and abandoning module MeshReductionInterface (172)
[2018.09.23-03.59.52:290][292]LogModuleManager: Shutting down and abandoning module SimplygonSwarm (171)
[2018.09.23-03.59.52:290][292]LogModuleManager: Shutting down and abandoning module SimplygonMeshReduction (169)
[2018.09.23-03.59.52:290][292]LogModuleManager: Shutting down and abandoning module QuadricMeshReduction (167)
[2018.09.23-03.59.52:290][292]LogModuleManager: Shutting down and abandoning module MaterialBaking (163)
[2018.09.23-03.59.52:290][292]LogModuleManager: Shutting down and abandoning module DirectoryWatcher (159)
[2018.09.23-03.59.52:292][292]LogModuleManager: Shutting down and abandoning module DerivedDataCache (156)
[2018.09.23-03.59.52:565][292]LogDerivedDataCache: Shutdown
[2018.09.23-03.59.52:565][292]LogModuleManager: Shutting down and abandoning module XGEController (154)
[2018.09.23-03.59.52:565][292]LogXGEController: Cleaning working directory: D:/Profiles/sb5411/AppData/Local/Temp/UnrealXGEWorkingDir/
[2018.09.23-03.59.52:565][292]LogModuleManager: Shutting down and abandoning module TargetPlatform (152)
[2018.09.23-03.59.52:565][292]LogModuleManager: Shutting down and abandoning module VulkanShaderFormat (151)
[2018.09.23-03.59.52:565][292]LogModuleManager: Shutting down and abandoning module ShaderFormatVectorVM (149)
[2018.09.23-03.59.52:565][292]LogModuleManager: Shutting down and abandoning module ShaderFormatOpenGL (147)
[2018.09.23-03.59.52:565][292]LogModuleManager: Shutting down and abandoning module ShaderFormatD3D (145)
[2018.09.23-03.59.52:565][292]LogModuleManager: Shutting down and abandoning module MetalShaderFormat (143)
[2018.09.23-03.59.52:566][292]LogModuleManager: Shutting down and abandoning module TextureFormatUncompressed (141)
[2018.09.23-03.59.52:566][292]LogModuleManager: Shutting down and abandoning module TextureFormatPVR (139)
[2018.09.23-03.59.52:566][292]LogModuleManager: Shutting down and abandoning module TextureFormatDXT (137)
[2018.09.23-03.59.52:566][292]LogModuleManager: Shutting down and abandoning module TextureFormatIntelISPCTexComp (135)
[2018.09.23-03.59.52:566][292]LogModuleManager: Shutting down and abandoning module TextureFormatASTC (133)
[2018.09.23-03.59.52:566][292]LogModuleManager: Shutting down and abandoning module ImageWrapper (132)
[2018.09.23-03.59.52:566][292]LogModuleManager: Shutting down and abandoning module TextureFormatAndroid (129)
[2018.09.23-03.59.52:566][292]LogModuleManager: Shutting down and abandoning module AudioFormatOpus (127)
[2018.09.23-03.59.52:566][292]LogModuleManager: Shutting down and abandoning module AudioFormatOgg (125)
[2018.09.23-03.59.52:566][292]LogModuleManager: Shutting down and abandoning module AudioFormatADPCM (123)
[2018.09.23-03.59.52:566][292]LogModuleManager: Shutting down and abandoning module LinuxTargetPlatform (121)
[2018.09.23-03.59.52:566][292]LogModuleManager: Shutting down and abandoning module LinuxServerTargetPlatform (119)
[2018.09.23-03.59.52:567][292]LogModuleManager: Shutting down and abandoning module LinuxNoEditorTargetPlatform (117)
[2018.09.23-03.59.52:567][292]LogModuleManager: Shutting down and abandoning module LinuxClientTargetPlatform (115)
[2018.09.23-03.59.52:567][292]LogModuleManager: Shutting down and abandoning module TVOSTargetPlatform (113)
[2018.09.23-03.59.52:567][292]LogModuleManager: Shutting down and abandoning module Messaging (111)
[2018.09.23-03.59.52:567][292]LogModuleManager: Shutting down and abandoning module IOSTargetPlatform (109)
[2018.09.23-03.59.52:567][292]LogModuleManager: Shutting down and abandoning module HTML5TargetPlatform (107)
[2018.09.23-03.59.52:567][292]LogModuleManager: Shutting down and abandoning module AndroidTargetPlatform (105)
[2018.09.23-03.59.52:567][292]LogModuleManager: Shutting down and abandoning module Android_PVRTCTargetPlatform (103)
[2018.09.23-03.59.52:567][292]LogModuleManager: Shutting down and abandoning module Android_MultiTargetPlatform (101)
[2018.09.23-03.59.52:567][292]LogModuleManager: Shutting down and abandoning module Android_ETC2TargetPlatform (99)
[2018.09.23-03.59.52:567][292]LogModuleManager: Shutting down and abandoning module Android_ETC1TargetPlatform (97)
[2018.09.23-03.59.52:567][292]LogModuleManager: Shutting down and abandoning module Android_ETC1aTargetPlatform (95)
[2018.09.23-03.59.52:567][292]LogModuleManager: Shutting down and abandoning module Android_DXTTargetPlatform (93)
[2018.09.23-03.59.52:567][292]LogModuleManager: Shutting down and abandoning module Android_ATCTargetPlatform (91)
[2018.09.23-03.59.52:567][292]LogModuleManager: Shutting down and abandoning module Android_ASTCTargetPlatform (89)
[2018.09.23-03.59.52:567][292]LogModuleManager: Shutting down and abandoning module WindowsTargetPlatform (87)
[2018.09.23-03.59.52:568][292]LogModuleManager: Shutting down and abandoning module WindowsServerTargetPlatform (85)
[2018.09.23-03.59.52:568][292]LogModuleManager: Shutting down and abandoning module WindowsNoEditorTargetPlatform (83)
[2018.09.23-03.59.52:568][292]LogModuleManager: Shutting down and abandoning module WindowsClientTargetPlatform (81)
[2018.09.23-03.59.52:568][292]LogModuleManager: Shutting down and abandoning module MacTargetPlatform (79)
[2018.09.23-03.59.52:568][292]LogModuleManager: Shutting down and abandoning module MacServerTargetPlatform (77)
[2018.09.23-03.59.52:568][292]LogModuleManager: Shutting down and abandoning module MacNoEditorTargetPlatform (75)
[2018.09.23-03.59.52:568][292]LogModuleManager: Shutting down and abandoning module MacClientTargetPlatform (73)
[2018.09.23-03.59.52:568][292]LogModuleManager: Shutting down and abandoning module AllDesktopTargetPlatform (71)
[2018.09.23-03.59.52:568][292]LogModuleManager: Shutting down and abandoning module InputCore (68)
[2018.09.23-03.59.52:568][292]LogModuleManager: Shutting down and abandoning module Settings (66)
[2018.09.23-03.59.52:568][292]LogModuleManager: Shutting down and abandoning module PhysXCooking (64)
[2018.09.23-03.59.52:568][292]LogModuleManager: Shutting down and abandoning module SteamVR (62)
[2018.09.23-03.59.52:568][292]LogModuleManager: Shutting down and abandoning module OculusHMD (60)
[2018.09.23-03.59.52:568][292]LogModuleManager: Shutting down and abandoning module ExampleDeviceProfileSelector (58)
[2018.09.23-03.59.52:568][292]LogModuleManager: Shutting down and abandoning module AppleARKit (56)
[2018.09.23-03.59.52:569][292]LogModuleManager: Shutting down and abandoning module AugmentedReality (53)
[2018.09.23-03.59.52:569][292]LogModuleManager: Shutting down and abandoning module OnlineBlueprintSupport (50)
[2018.09.23-03.59.52:569][292]LogModuleManager: Shutting down and abandoning module OnlineSubsystem (46)
[2018.09.23-03.59.52:569][292]LogModuleManager: Shutting down and abandoning module XMPP (45)
[2018.09.23-03.59.52:569][292]LogModuleManager: Shutting down and abandoning module HTTP (43)
[2018.09.23-03.59.52:569][292]LogHttp: Display: Http module shutting down, but needs to wait on 1 outstanding Http requests:
[2018.09.23-03.59.52:569][292]LogHttp: Display: 	verb=[POST] url=[https://datarouter.ol.epicgames.com/datarouter/api/v1/public/data?SessionID=%7B54EF053A-41E7-E4F3-57F4-A7B1D5B76243%7D&AppID=UEEditor.Rocket.Release&AppVersion=4.19.2-4033788%2B%2B%2BUE4%2BRelease-4.19&UserID=6cc02ba5483febab6374ed94cb5d5e54%7C378cc00e4dca4780b96aa47e2fd7e733%7C9fd184a3-08a3-43ce-849b-391e79e81a39&AppEnvironment=datacollector-binary&UploadType=eteventstream] status=Processing
[2018.09.23-03.59.52:575][292]LogModuleManager: Shutting down and abandoning module SSL (42)
[2018.09.23-03.59.52:577][292]LogModuleManager: Shutting down and abandoning module DesktopPlatform (38)
[2018.09.23-03.59.52:577][292]LogModuleManager: Shutting down and abandoning module AnimationModifiers (36)
[2018.09.23-03.59.52:578][292]LogModuleManager: Shutting down and abandoning module PropertyEditor (35)
[2018.09.23-03.59.52:578][292]LogModuleManager: Shutting down and abandoning module AudioEditor (32)
[2018.09.23-03.59.52:578][292]LogModuleManager: Shutting down and abandoning module TextureCompressor (30)
[2018.09.23-03.59.52:578][292]LogModuleManager: Shutting down and abandoning module ShaderCore (28)
[2018.09.23-03.59.52:578][292]LogModuleManager: Shutting down and abandoning module Landscape (26)
[2018.09.23-03.59.52:578][292]LogModuleManager: Shutting down and abandoning module SlateRHIRenderer (24)
[2018.09.23-03.59.52:580][292]LogModuleManager: Shutting down and abandoning module OpenGLDrv (22)
[2018.09.23-03.59.52:580][292]LogModuleManager: Shutting down and abandoning module D3D11RHI (20)
[2018.09.23-03.59.52:580][292]LogModuleManager: Shutting down and abandoning module AnimGraphRuntime (18)
[2018.09.23-03.59.52:581][292]LogModuleManager: Shutting down and abandoning module Renderer (16)
[2018.09.23-03.59.52:581][292]LogModuleManager: Shutting down and abandoning module Engine (14)
[2018.09.23-03.59.52:581][292]LogModuleManager: Shutting down and abandoning module CoreUObject (12)
[2018.09.23-03.59.52:581][292]LogModuleManager: Shutting down and abandoning module NetworkFile (10)
[2018.09.23-03.59.52:581][292]LogModuleManager: Shutting down and abandoning module CookedIterativeFile (8)
[2018.09.23-03.59.52:581][292]LogModuleManager: Shutting down and abandoning module StreamingFile (6)
[2018.09.23-03.59.52:581][292]LogModuleManager: Shutting down and abandoning module SandboxFile (4)
[2018.09.23-03.59.52:581][292]LogModuleManager: Shutting down and abandoning module PakFile (2)
[2018.09.23-03.59.52:596][292]LogExit: Exiting.
[2018.09.23-03.59.52:634][292]Log file closed, 09/22/18 23:59:52
